<?xml version="1.0" encoding="UTF-8"?>
<coverage generated="1723083771770" clover="3.2.0">
  <project timestamp="1723083771770" name="All files">
    <metrics statements="274" coveredstatements="148" conditionals="92" coveredconditionals="37" methods="50" coveredmethods="35" elements="416" coveredelements="220" complexity="0" loc="274" ncloc="274" packages="1" files="2" classes="2"/>
    <file name="db.js" path="C:\Users\Steven\Downloads\volunteer-website\Barebones-Volunteer\backend\db.js">
      <metrics statements="6" coveredstatements="0" conditionals="2" coveredconditionals="0" methods="1" coveredmethods="0"/>
      <line num="1" count="0" type="stmt"/>
      <line num="3" count="0" type="stmt"/>
      <line num="10" count="0" type="stmt"/>
      <line num="11" count="0" type="cond" truecount="0" falsecount="2"/>
      <line num="12" count="0" type="stmt"/>
      <line num="15" count="0" type="stmt"/>
    </file>
    <file name="server.js" path="C:\Users\Steven\Downloads\volunteer-website\Barebones-Volunteer\backend\server.js">
      <metrics statements="268" coveredstatements="148" conditionals="90" coveredconditionals="37" methods="49" coveredmethods="35"/>
      <line num="1" count="1" type="stmt"/>
      <line num="2" count="1" type="stmt"/>
      <line num="3" count="1" type="stmt"/>
      <line num="4" count="1" type="stmt"/>
      <line num="5" count="1" type="stmt"/>
      <line num="7" count="1" type="stmt"/>
      <line num="8" count="1" type="stmt"/>
      <line num="10" count="1" type="stmt"/>
      <line num="11" count="1" type="stmt"/>
      <line num="14" count="1" type="stmt"/>
      <line num="22" count="1" type="stmt"/>
      <line num="23" count="1" type="cond" truecount="1" falsecount="1"/>
      <line num="24" count="0" type="stmt"/>
      <line num="25" count="0" type="stmt"/>
      <line num="27" count="1" type="stmt"/>
      <line num="30" count="1" type="stmt"/>
      <line num="31" count="32" type="stmt"/>
      <line num="32" count="32" type="stmt"/>
      <line num="36" count="1" type="stmt"/>
      <line num="37" count="9" type="stmt"/>
      <line num="38" count="9" type="stmt"/>
      <line num="40" count="9" type="cond" truecount="3" falsecount="1"/>
      <line num="41" count="0" type="stmt"/>
      <line num="42" count="0" type="stmt"/>
      <line num="45" count="9" type="stmt"/>
      <line num="47" count="9" type="stmt"/>
      <line num="48" count="9" type="cond" truecount="1" falsecount="1"/>
      <line num="49" count="0" type="stmt"/>
      <line num="50" count="0" type="stmt"/>
      <line num="53" count="9" type="stmt"/>
      <line num="54" count="9" type="stmt"/>
      <line num="55" count="9" type="cond" truecount="1" falsecount="1"/>
      <line num="56" count="9" type="stmt"/>
      <line num="57" count="9" type="cond" truecount="1" falsecount="1"/>
      <line num="58" count="9" type="stmt"/>
      <line num="60" count="0" type="stmt"/>
      <line num="64" count="0" type="stmt"/>
      <line num="65" count="0" type="stmt"/>
      <line num="71" count="1" type="stmt"/>
      <line num="72" count="2" type="stmt"/>
      <line num="73" count="2" type="stmt"/>
      <line num="75" count="2" type="stmt"/>
      <line num="76" count="2" type="stmt"/>
      <line num="77" count="2" type="cond" truecount="1" falsecount="1"/>
      <line num="78" count="0" type="stmt"/>
      <line num="79" count="0" type="stmt"/>
      <line num="82" count="2" type="cond" truecount="2" falsecount="0"/>
      <line num="83" count="1" type="stmt"/>
      <line num="84" count="1" type="stmt"/>
      <line num="87" count="1" type="stmt"/>
      <line num="88" count="1" type="stmt"/>
      <line num="89" count="1" type="cond" truecount="1" falsecount="1"/>
      <line num="90" count="0" type="stmt"/>
      <line num="91" count="0" type="stmt"/>
      <line num="94" count="1" type="cond" truecount="1" falsecount="1"/>
      <line num="95" count="1" type="stmt"/>
      <line num="96" count="1" type="stmt"/>
      <line num="98" count="0" type="stmt"/>
      <line num="99" count="0" type="stmt"/>
      <line num="106" count="1" type="stmt"/>
      <line num="107" count="1" type="stmt"/>
      <line num="108" count="1" type="stmt"/>
      <line num="110" count="1" type="stmt"/>
      <line num="111" count="1" type="stmt"/>
      <line num="112" count="1" type="cond" truecount="1" falsecount="1"/>
      <line num="113" count="0" type="stmt"/>
      <line num="114" count="0" type="stmt"/>
      <line num="115" count="1" type="cond" truecount="1" falsecount="1"/>
      <line num="116" count="1" type="stmt"/>
      <line num="118" count="0" type="stmt"/>
      <line num="131" count="0" type="stmt"/>
      <line num="137" count="1" type="stmt"/>
      <line num="138" count="4" type="stmt"/>
      <line num="139" count="4" type="stmt"/>
      <line num="140" count="4" type="stmt"/>
      <line num="142" count="4" type="stmt"/>
      <line num="143" count="4" type="stmt"/>
      <line num="144" count="4" type="cond" truecount="1" falsecount="1"/>
      <line num="145" count="0" type="stmt"/>
      <line num="146" count="0" type="stmt"/>
      <line num="147" count="4" type="cond" truecount="1" falsecount="1"/>
      <line num="148" count="0" type="stmt"/>
      <line num="152" count="0" type="stmt"/>
      <line num="153" count="0" type="cond" truecount="0" falsecount="2"/>
      <line num="154" count="0" type="stmt"/>
      <line num="155" count="0" type="stmt"/>
      <line num="157" count="0" type="stmt"/>
      <line num="161" count="4" type="stmt"/>
      <line num="166" count="4" type="stmt"/>
      <line num="167" count="4" type="cond" truecount="1" falsecount="1"/>
      <line num="168" count="0" type="stmt"/>
      <line num="169" count="0" type="stmt"/>
      <line num="171" count="4" type="stmt"/>
      <line num="179" count="1" type="stmt"/>
      <line num="180" count="0" type="stmt"/>
      <line num="181" count="0" type="stmt"/>
      <line num="182" count="0" type="cond" truecount="0" falsecount="2"/>
      <line num="183" count="0" type="stmt"/>
      <line num="184" count="0" type="stmt"/>
      <line num="186" count="0" type="stmt"/>
      <line num="192" count="1" type="stmt"/>
      <line num="193" count="0" type="stmt"/>
      <line num="194" count="0" type="stmt"/>
      <line num="195" count="0" type="cond" truecount="0" falsecount="2"/>
      <line num="196" count="0" type="stmt"/>
      <line num="197" count="0" type="stmt"/>
      <line num="199" count="0" type="stmt"/>
      <line num="205" count="1" type="stmt"/>
      <line num="206" count="5" type="stmt"/>
      <line num="207" count="5" type="stmt"/>
      <line num="209" count="5" type="stmt"/>
      <line num="211" count="5" type="stmt"/>
      <line num="214" count="5" type="stmt"/>
      <line num="215" count="5" type="cond" truecount="1" falsecount="1"/>
      <line num="216" count="0" type="stmt"/>
      <line num="217" count="0" type="stmt"/>
      <line num="220" count="5" type="stmt"/>
      <line num="221" count="5" type="stmt"/>
      <line num="222" count="5" type="stmt"/>
      <line num="223" count="5" type="cond" truecount="1" falsecount="1"/>
      <line num="224" count="0" type="stmt"/>
      <line num="225" count="0" type="stmt"/>
      <line num="227" count="5" type="stmt"/>
      <line num="229" count="5" type="stmt"/>
      <line num="231" count="5" type="stmt"/>
      <line num="232" count="5" type="cond" truecount="1" falsecount="1"/>
      <line num="233" count="0" type="stmt"/>
      <line num="234" count="0" type="stmt"/>
      <line num="236" count="5" type="stmt"/>
      <line num="246" count="1" type="stmt"/>
      <line num="247" count="1" type="stmt"/>
      <line num="248" count="1" type="stmt"/>
      <line num="249" count="1" type="cond" truecount="1" falsecount="1"/>
      <line num="250" count="0" type="stmt"/>
      <line num="251" count="0" type="stmt"/>
      <line num="253" count="1" type="stmt"/>
      <line num="259" count="1" type="stmt"/>
      <line num="260" count="1" type="stmt"/>
      <line num="261" count="1" type="stmt"/>
      <line num="262" count="1" type="stmt"/>
      <line num="263" count="1" type="cond" truecount="1" falsecount="1"/>
      <line num="264" count="1" type="stmt"/>
      <line num="265" count="1" type="stmt"/>
      <line num="267" count="0" type="stmt"/>
      <line num="273" count="1" type="stmt"/>
      <line num="274" count="3" type="stmt"/>
      <line num="275" count="3" type="cond" truecount="2" falsecount="0"/>
      <line num="277" count="3" type="stmt"/>
      <line num="278" count="3" type="stmt"/>
      <line num="279" count="3" type="cond" truecount="1" falsecount="1"/>
      <line num="280" count="0" type="stmt"/>
      <line num="281" count="0" type="stmt"/>
      <line num="284" count="3" type="cond" truecount="1" falsecount="1"/>
      <line num="285" count="0" type="stmt"/>
      <line num="288" count="3" type="stmt"/>
      <line num="291" count="3" type="stmt"/>
      <line num="292" count="3" type="stmt"/>
      <line num="293" count="3" type="cond" truecount="1" falsecount="1"/>
      <line num="294" count="0" type="stmt"/>
      <line num="295" count="0" type="stmt"/>
      <line num="298" count="3" type="cond" truecount="1" falsecount="1"/>
      <line num="299" count="0" type="stmt"/>
      <line num="303" count="3" type="stmt"/>
      <line num="304" count="3" type="stmt"/>
      <line num="305" count="3" type="cond" truecount="1" falsecount="1"/>
      <line num="306" count="0" type="stmt"/>
      <line num="307" count="0" type="stmt"/>
      <line num="310" count="3" type="cond" truecount="1" falsecount="1"/>
      <line num="311" count="3" type="stmt"/>
      <line num="314" count="0" type="stmt"/>
      <line num="317" count="0" type="stmt"/>
      <line num="322" count="0" type="stmt"/>
      <line num="323" count="0" type="cond" truecount="0" falsecount="2"/>
      <line num="324" count="0" type="stmt"/>
      <line num="325" count="0" type="stmt"/>
      <line num="329" count="0" type="stmt"/>
      <line num="330" count="0" type="stmt"/>
      <line num="331" count="0" type="stmt"/>
      <line num="332" count="0" type="cond" truecount="0" falsecount="2"/>
      <line num="333" count="0" type="stmt"/>
      <line num="334" count="0" type="stmt"/>
      <line num="337" count="0" type="stmt"/>
      <line num="338" count="0" type="stmt"/>
      <line num="339" count="0" type="stmt"/>
      <line num="340" count="0" type="cond" truecount="0" falsecount="2"/>
      <line num="341" count="0" type="stmt"/>
      <line num="342" count="0" type="stmt"/>
      <line num="345" count="0" type="stmt"/>
      <line num="355" count="1" type="stmt"/>
      <line num="356" count="1" type="stmt"/>
      <line num="357" count="1" type="stmt"/>
      <line num="375" count="1" type="stmt"/>
      <line num="376" count="1" type="cond" truecount="1" falsecount="1"/>
      <line num="377" count="0" type="stmt"/>
      <line num="378" count="0" type="stmt"/>
      <line num="380" count="1" type="stmt"/>
      <line num="386" count="1" type="stmt"/>
      <line num="387" count="1" type="stmt"/>
      <line num="388" count="1" type="stmt"/>
      <line num="389" count="1" type="stmt"/>
      <line num="395" count="1" type="stmt"/>
      <line num="396" count="1" type="cond" truecount="1" falsecount="1"/>
      <line num="397" count="0" type="stmt"/>
      <line num="398" count="0" type="stmt"/>
      <line num="399" count="1" type="cond" truecount="1" falsecount="1"/>
      <line num="400" count="0" type="stmt"/>
      <line num="401" count="0" type="stmt"/>
      <line num="403" count="1" type="stmt"/>
      <line num="404" count="1" type="stmt"/>
      <line num="405" count="1" type="cond" truecount="1" falsecount="1"/>
      <line num="406" count="0" type="stmt"/>
      <line num="407" count="0" type="stmt"/>
      <line num="409" count="1" type="stmt"/>
      <line num="417" count="1" type="stmt"/>
      <line num="418" count="0" type="stmt"/>
      <line num="419" count="0" type="stmt"/>
      <line num="420" count="0" type="stmt"/>
      <line num="421" count="0" type="cond" truecount="0" falsecount="2"/>
      <line num="422" count="0" type="stmt"/>
      <line num="423" count="0" type="stmt"/>
      <line num="425" count="0" type="stmt"/>
      <line num="431" count="1" type="stmt"/>
      <line num="432" count="0" type="stmt"/>
      <line num="433" count="0" type="stmt"/>
      <line num="435" count="0" type="stmt"/>
      <line num="436" count="0" type="cond" truecount="0" falsecount="2"/>
      <line num="437" count="0" type="stmt"/>
      <line num="438" count="0" type="stmt"/>
      <line num="441" count="0" type="cond" truecount="0" falsecount="2"/>
      <line num="442" count="0" type="stmt"/>
      <line num="445" count="0" type="stmt"/>
      <line num="447" count="0" type="stmt"/>
      <line num="448" count="0" type="stmt"/>
      <line num="449" count="0" type="cond" truecount="0" falsecount="2"/>
      <line num="450" count="0" type="stmt"/>
      <line num="451" count="0" type="stmt"/>
      <line num="454" count="0" type="stmt"/>
      <line num="460" count="1" type="stmt"/>
      <line num="461" count="1" type="stmt"/>
      <line num="462" count="1" type="stmt"/>
      <line num="463" count="1" type="stmt"/>
      <line num="464" count="1" type="stmt"/>
      <line num="465" count="1" type="cond" truecount="1" falsecount="1"/>
      <line num="466" count="1" type="stmt"/>
      <line num="467" count="1" type="stmt"/>
      <line num="469" count="0" type="stmt"/>
      <line num="470" count="0" type="stmt"/>
      <line num="476" count="1" type="stmt"/>
      <line num="477" count="1" type="stmt"/>
      <line num="478" count="1" type="stmt"/>
      <line num="480" count="1" type="stmt"/>
      <line num="481" count="1" type="cond" truecount="1" falsecount="1"/>
      <line num="482" count="0" type="stmt"/>
      <line num="483" count="0" type="stmt"/>
      <line num="486" count="1" type="cond" truecount="1" falsecount="1"/>
      <line num="487" count="0" type="stmt"/>
      <line num="490" count="1" type="stmt"/>
      <line num="491" count="0" type="stmt"/>
      <line num="492" count="0" type="stmt"/>
      <line num="495" count="0" type="stmt"/>
      <line num="505" count="0" type="stmt"/>
      <line num="506" count="0" type="cond" truecount="0" falsecount="2"/>
      <line num="507" count="0" type="stmt"/>
      <line num="508" count="0" type="stmt"/>
      <line num="511" count="0" type="stmt"/>
      <line num="518" count="1" type="stmt"/>
      <line num="519" count="1" type="stmt"/>
      <line num="522" count="1" type="stmt"/>
    </file>
  </project>
</coverage>
