<?xml version="1.0" encoding="UTF-8"?>
<coverage generated="1722049593945" clover="3.2.0">
  <project timestamp="1722049593945" name="All files">
    <metrics statements="250" coveredstatements="137" conditionals="84" coveredconditionals="34" methods="46" coveredmethods="32" elements="380" coveredelements="203" complexity="0" loc="250" ncloc="250" packages="1" files="2" classes="2"/>
    <file name="db.js" path="C:\Users\Steven\Downloads\volunteer-website-2\Barebones-Volunteer\backend\db.js">
      <metrics statements="6" coveredstatements="0" conditionals="2" coveredconditionals="0" methods="1" coveredmethods="0"/>
      <line num="1" count="0" type="stmt"/>
      <line num="3" count="0" type="stmt"/>
      <line num="10" count="0" type="stmt"/>
      <line num="11" count="0" type="cond" truecount="0" falsecount="2"/>
      <line num="12" count="0" type="stmt"/>
      <line num="15" count="0" type="stmt"/>
    </file>
    <file name="server.js" path="C:\Users\Steven\Downloads\volunteer-website-2\Barebones-Volunteer\backend\server.js">
      <metrics statements="244" coveredstatements="137" conditionals="82" coveredconditionals="34" methods="45" coveredmethods="32"/>
      <line num="1" count="1" type="stmt"/>
      <line num="2" count="1" type="stmt"/>
      <line num="3" count="1" type="stmt"/>
      <line num="4" count="1" type="stmt"/>
      <line num="5" count="1" type="stmt"/>
      <line num="7" count="1" type="stmt"/>
      <line num="8" count="1" type="stmt"/>
      <line num="10" count="1" type="stmt"/>
      <line num="11" count="1" type="stmt"/>
      <line num="14" count="1" type="stmt"/>
      <line num="22" count="1" type="stmt"/>
      <line num="23" count="1" type="cond" truecount="1" falsecount="1"/>
      <line num="24" count="0" type="stmt"/>
      <line num="25" count="0" type="stmt"/>
      <line num="27" count="1" type="stmt"/>
      <line num="30" count="1" type="stmt"/>
      <line num="31" count="32" type="stmt"/>
      <line num="32" count="32" type="stmt"/>
      <line num="36" count="1" type="stmt"/>
      <line num="37" count="9" type="stmt"/>
      <line num="38" count="9" type="stmt"/>
      <line num="40" count="9" type="cond" truecount="3" falsecount="1"/>
      <line num="41" count="0" type="stmt"/>
      <line num="42" count="0" type="stmt"/>
      <line num="45" count="9" type="stmt"/>
      <line num="47" count="9" type="stmt"/>
      <line num="48" count="9" type="cond" truecount="1" falsecount="1"/>
      <line num="49" count="0" type="stmt"/>
      <line num="50" count="0" type="stmt"/>
      <line num="53" count="9" type="stmt"/>
      <line num="54" count="9" type="stmt"/>
      <line num="55" count="9" type="cond" truecount="1" falsecount="1"/>
      <line num="56" count="9" type="stmt"/>
      <line num="57" count="9" type="cond" truecount="1" falsecount="1"/>
      <line num="58" count="9" type="stmt"/>
      <line num="60" count="0" type="stmt"/>
      <line num="64" count="0" type="stmt"/>
      <line num="65" count="0" type="stmt"/>
      <line num="71" count="1" type="stmt"/>
      <line num="72" count="2" type="stmt"/>
      <line num="73" count="2" type="stmt"/>
      <line num="75" count="2" type="stmt"/>
      <line num="76" count="2" type="stmt"/>
      <line num="77" count="2" type="cond" truecount="1" falsecount="1"/>
      <line num="78" count="0" type="stmt"/>
      <line num="79" count="0" type="stmt"/>
      <line num="82" count="2" type="cond" truecount="2" falsecount="0"/>
      <line num="83" count="1" type="stmt"/>
      <line num="84" count="1" type="stmt"/>
      <line num="87" count="1" type="stmt"/>
      <line num="88" count="1" type="stmt"/>
      <line num="89" count="1" type="cond" truecount="1" falsecount="1"/>
      <line num="90" count="0" type="stmt"/>
      <line num="91" count="0" type="stmt"/>
      <line num="94" count="1" type="cond" truecount="1" falsecount="1"/>
      <line num="95" count="1" type="stmt"/>
      <line num="96" count="1" type="stmt"/>
      <line num="98" count="0" type="stmt"/>
      <line num="99" count="0" type="stmt"/>
      <line num="106" count="1" type="stmt"/>
      <line num="107" count="1" type="stmt"/>
      <line num="108" count="1" type="stmt"/>
      <line num="110" count="1" type="stmt"/>
      <line num="111" count="1" type="stmt"/>
      <line num="112" count="1" type="cond" truecount="1" falsecount="1"/>
      <line num="113" count="0" type="stmt"/>
      <line num="114" count="0" type="stmt"/>
      <line num="115" count="1" type="cond" truecount="1" falsecount="1"/>
      <line num="116" count="1" type="stmt"/>
      <line num="118" count="0" type="stmt"/>
      <line num="131" count="0" type="stmt"/>
      <line num="137" count="1" type="stmt"/>
      <line num="138" count="4" type="stmt"/>
      <line num="139" count="4" type="stmt"/>
      <line num="140" count="4" type="stmt"/>
      <line num="142" count="4" type="stmt"/>
      <line num="143" count="4" type="stmt"/>
      <line num="144" count="4" type="cond" truecount="1" falsecount="1"/>
      <line num="145" count="0" type="stmt"/>
      <line num="146" count="0" type="stmt"/>
      <line num="147" count="4" type="cond" truecount="1" falsecount="1"/>
      <line num="148" count="0" type="stmt"/>
      <line num="152" count="0" type="stmt"/>
      <line num="153" count="0" type="cond" truecount="0" falsecount="2"/>
      <line num="154" count="0" type="stmt"/>
      <line num="155" count="0" type="stmt"/>
      <line num="157" count="0" type="stmt"/>
      <line num="161" count="4" type="stmt"/>
      <line num="166" count="4" type="stmt"/>
      <line num="167" count="4" type="cond" truecount="1" falsecount="1"/>
      <line num="168" count="0" type="stmt"/>
      <line num="169" count="0" type="stmt"/>
      <line num="171" count="4" type="stmt"/>
      <line num="179" count="1" type="stmt"/>
      <line num="180" count="0" type="stmt"/>
      <line num="181" count="0" type="stmt"/>
      <line num="182" count="0" type="cond" truecount="0" falsecount="2"/>
      <line num="183" count="0" type="stmt"/>
      <line num="184" count="0" type="stmt"/>
      <line num="186" count="0" type="stmt"/>
      <line num="192" count="1" type="stmt"/>
      <line num="193" count="0" type="stmt"/>
      <line num="194" count="0" type="stmt"/>
      <line num="195" count="0" type="cond" truecount="0" falsecount="2"/>
      <line num="196" count="0" type="stmt"/>
      <line num="197" count="0" type="stmt"/>
      <line num="199" count="0" type="stmt"/>
      <line num="205" count="1" type="stmt"/>
      <line num="206" count="5" type="stmt"/>
      <line num="207" count="5" type="stmt"/>
      <line num="209" count="5" type="stmt"/>
      <line num="211" count="5" type="stmt"/>
      <line num="214" count="5" type="stmt"/>
      <line num="215" count="5" type="cond" truecount="1" falsecount="1"/>
      <line num="216" count="0" type="stmt"/>
      <line num="217" count="0" type="stmt"/>
      <line num="220" count="5" type="stmt"/>
      <line num="221" count="5" type="stmt"/>
      <line num="222" count="5" type="stmt"/>
      <line num="223" count="5" type="cond" truecount="1" falsecount="1"/>
      <line num="224" count="0" type="stmt"/>
      <line num="225" count="0" type="stmt"/>
      <line num="227" count="5" type="stmt"/>
      <line num="235" count="1" type="stmt"/>
      <line num="236" count="1" type="stmt"/>
      <line num="237" count="1" type="stmt"/>
      <line num="238" count="1" type="cond" truecount="1" falsecount="1"/>
      <line num="239" count="0" type="stmt"/>
      <line num="240" count="0" type="stmt"/>
      <line num="242" count="1" type="stmt"/>
      <line num="248" count="1" type="stmt"/>
      <line num="249" count="1" type="stmt"/>
      <line num="250" count="1" type="stmt"/>
      <line num="251" count="1" type="stmt"/>
      <line num="252" count="1" type="cond" truecount="1" falsecount="1"/>
      <line num="253" count="1" type="stmt"/>
      <line num="254" count="1" type="stmt"/>
      <line num="256" count="0" type="stmt"/>
      <line num="262" count="1" type="stmt"/>
      <line num="263" count="3" type="stmt"/>
      <line num="264" count="3" type="cond" truecount="2" falsecount="0"/>
      <line num="266" count="3" type="stmt"/>
      <line num="267" count="3" type="stmt"/>
      <line num="268" count="3" type="cond" truecount="1" falsecount="1"/>
      <line num="269" count="0" type="stmt"/>
      <line num="270" count="0" type="stmt"/>
      <line num="273" count="3" type="cond" truecount="1" falsecount="1"/>
      <line num="274" count="0" type="stmt"/>
      <line num="277" count="3" type="stmt"/>
      <line num="280" count="3" type="stmt"/>
      <line num="281" count="3" type="stmt"/>
      <line num="282" count="3" type="cond" truecount="1" falsecount="1"/>
      <line num="283" count="0" type="stmt"/>
      <line num="284" count="0" type="stmt"/>
      <line num="287" count="3" type="cond" truecount="1" falsecount="1"/>
      <line num="288" count="0" type="stmt"/>
      <line num="292" count="3" type="stmt"/>
      <line num="293" count="3" type="stmt"/>
      <line num="294" count="3" type="cond" truecount="1" falsecount="1"/>
      <line num="295" count="0" type="stmt"/>
      <line num="296" count="0" type="stmt"/>
      <line num="299" count="3" type="cond" truecount="1" falsecount="1"/>
      <line num="300" count="3" type="stmt"/>
      <line num="303" count="0" type="stmt"/>
      <line num="306" count="0" type="stmt"/>
      <line num="311" count="0" type="stmt"/>
      <line num="312" count="0" type="cond" truecount="0" falsecount="2"/>
      <line num="313" count="0" type="stmt"/>
      <line num="314" count="0" type="stmt"/>
      <line num="318" count="0" type="stmt"/>
      <line num="319" count="0" type="stmt"/>
      <line num="320" count="0" type="stmt"/>
      <line num="321" count="0" type="cond" truecount="0" falsecount="2"/>
      <line num="322" count="0" type="stmt"/>
      <line num="323" count="0" type="stmt"/>
      <line num="326" count="0" type="stmt"/>
      <line num="327" count="0" type="stmt"/>
      <line num="328" count="0" type="stmt"/>
      <line num="329" count="0" type="cond" truecount="0" falsecount="2"/>
      <line num="330" count="0" type="stmt"/>
      <line num="331" count="0" type="stmt"/>
      <line num="334" count="0" type="stmt"/>
      <line num="344" count="1" type="stmt"/>
      <line num="345" count="1" type="stmt"/>
      <line num="346" count="1" type="stmt"/>
      <line num="364" count="1" type="stmt"/>
      <line num="365" count="1" type="cond" truecount="1" falsecount="1"/>
      <line num="366" count="0" type="stmt"/>
      <line num="367" count="0" type="stmt"/>
      <line num="369" count="1" type="stmt"/>
      <line num="375" count="1" type="stmt"/>
      <line num="376" count="1" type="stmt"/>
      <line num="377" count="1" type="stmt"/>
      <line num="378" count="1" type="stmt"/>
      <line num="384" count="1" type="stmt"/>
      <line num="385" count="1" type="cond" truecount="1" falsecount="1"/>
      <line num="386" count="0" type="stmt"/>
      <line num="387" count="0" type="stmt"/>
      <line num="388" count="1" type="cond" truecount="1" falsecount="1"/>
      <line num="389" count="0" type="stmt"/>
      <line num="390" count="0" type="stmt"/>
      <line num="392" count="1" type="stmt"/>
      <line num="393" count="1" type="stmt"/>
      <line num="394" count="1" type="cond" truecount="1" falsecount="1"/>
      <line num="395" count="0" type="stmt"/>
      <line num="396" count="0" type="stmt"/>
      <line num="398" count="1" type="stmt"/>
      <line num="406" count="1" type="stmt"/>
      <line num="407" count="0" type="stmt"/>
      <line num="408" count="0" type="stmt"/>
      <line num="409" count="0" type="stmt"/>
      <line num="410" count="0" type="cond" truecount="0" falsecount="2"/>
      <line num="411" count="0" type="stmt"/>
      <line num="412" count="0" type="stmt"/>
      <line num="414" count="0" type="stmt"/>
      <line num="420" count="1" type="stmt"/>
      <line num="421" count="0" type="stmt"/>
      <line num="422" count="0" type="stmt"/>
      <line num="424" count="0" type="stmt"/>
      <line num="425" count="0" type="cond" truecount="0" falsecount="2"/>
      <line num="426" count="0" type="stmt"/>
      <line num="427" count="0" type="stmt"/>
      <line num="430" count="0" type="cond" truecount="0" falsecount="2"/>
      <line num="431" count="0" type="stmt"/>
      <line num="434" count="0" type="stmt"/>
      <line num="436" count="0" type="stmt"/>
      <line num="437" count="0" type="stmt"/>
      <line num="438" count="0" type="cond" truecount="0" falsecount="2"/>
      <line num="439" count="0" type="stmt"/>
      <line num="440" count="0" type="stmt"/>
      <line num="443" count="0" type="stmt"/>
      <line num="449" count="1" type="stmt"/>
      <line num="450" count="1" type="stmt"/>
      <line num="451" count="1" type="stmt"/>
      <line num="452" count="1" type="stmt"/>
      <line num="453" count="1" type="stmt"/>
      <line num="454" count="1" type="cond" truecount="1" falsecount="1"/>
      <line num="455" count="1" type="stmt"/>
      <line num="456" count="1" type="stmt"/>
      <line num="458" count="0" type="stmt"/>
      <line num="459" count="0" type="stmt"/>
      <line num="465" count="1" type="stmt"/>
      <line num="466" count="1" type="stmt"/>
      <line num="469" count="1" type="stmt"/>
    </file>
  </project>
</coverage>
