{"C:\\Users\\Steven\\Downloads\\volunteer-website-2\\Barebones-Volunteer\\backend\\db.js": {"path":"C:\\Users\\Steven\\Downloads\\volunteer-website-2\\Barebones-Volunteer\\backend\\db.js","statementMap":{"0":{"start":{"line":1,"column":14},"end":{"line":1,"column":30}},"1":{"start":{"line":3,"column":19},"end":{"line":8,"column":2}},"2":{"start":{"line":10,"column":0},"end":{"line":13,"column":3}},"3":{"start":{"line":11,"column":4},"end":{"line":11,"column":23}},"4":{"start":{"line":11,"column":13},"end":{"line":11,"column":23}},"5":{"start":{"line":12,"column":4},"end":{"line":12,"column":52}},"6":{"start":{"line":15,"column":0},"end":{"line":15,"column":28}}},"fnMap":{"0":{"name":"(anonymous_0)","decl":{"start":{"line":10,"column":19},"end":{"line":10,"column":20}},"loc":{"start":{"line":10,"column":28},"end":{"line":13,"column":1}},"line":10}},"branchMap":{"0":{"loc":{"start":{"line":11,"column":4},"end":{"line":11,"column":23}},"type":"if","locations":[{"start":{"line":11,"column":4},"end":{"line":11,"column":23}},{"start":{},"end":{}}],"line":11}},"s":{"0":0,"1":0,"2":0,"3":0,"4":0,"5":0,"6":0},"f":{"0":0},"b":{"0":[0,0]}}
,"C:\\Users\\Steven\\Downloads\\volunteer-website-2\\Barebones-Volunteer\\backend\\server.js": {"path":"C:\\Users\\Steven\\Downloads\\volunteer-website-2\\Barebones-Volunteer\\backend\\server.js","statementMap":{"0":{"start":{"line":1,"column":16},"end":{"line":1,"column":34}},"1":{"start":{"line":2,"column":19},"end":{"line":2,"column":41}},"2":{"start":{"line":3,"column":13},"end":{"line":3,"column":28}},"3":{"start":{"line":4,"column":15},"end":{"line":4,"column":32}},"4":{"start":{"line":5,"column":14},"end":{"line":5,"column":30}},"5":{"start":{"line":7,"column":12},"end":{"line":7,"column":21}},"6":{"start":{"line":8,"column":13},"end":{"line":8,"column":17}},"7":{"start":{"line":10,"column":0},"end":{"line":10,"column":27}},"8":{"start":{"line":11,"column":0},"end":{"line":11,"column":16}},"9":{"start":{"line":14,"column":11},"end":{"line":19,"column":2}},"10":{"start":{"line":22,"column":0},"end":{"line":28,"column":3}},"11":{"start":{"line":23,"column":4},"end":{"line":26,"column":5}},"12":{"start":{"line":24,"column":8},"end":{"line":24,"column":64}},"13":{"start":{"line":25,"column":8},"end":{"line":25,"column":15}},"14":{"start":{"line":27,"column":4},"end":{"line":27,"column":52}},"15":{"start":{"line":30,"column":0},"end":{"line":33,"column":3}},"16":{"start":{"line":31,"column":4},"end":{"line":31,"column":43}},"17":{"start":{"line":32,"column":4},"end":{"line":32,"column":11}},"18":{"start":{"line":36,"column":0},"end":{"line":68,"column":3}},"19":{"start":{"line":37,"column":32},"end":{"line":37,"column":40}},"20":{"start":{"line":38,"column":4},"end":{"line":38,"column":71}},"21":{"start":{"line":40,"column":4},"end":{"line":43,"column":5}},"22":{"start":{"line":41,"column":8},"end":{"line":41,"column":63}},"23":{"start":{"line":42,"column":8},"end":{"line":42,"column":72}},"24":{"start":{"line":45,"column":23},"end":{"line":45,"column":25}},"25":{"start":{"line":47,"column":4},"end":{"line":67,"column":7}},"26":{"start":{"line":48,"column":8},"end":{"line":51,"column":9}},"27":{"start":{"line":49,"column":12},"end":{"line":49,"column":49}},"28":{"start":{"line":50,"column":12},"end":{"line":50,"column":57}},"29":{"start":{"line":53,"column":22},"end":{"line":53,"column":83}},"30":{"start":{"line":54,"column":8},"end":{"line":66,"column":11}},"31":{"start":{"line":55,"column":12},"end":{"line":62,"column":13}},"32":{"start":{"line":56,"column":16},"end":{"line":56,"column":54}},"33":{"start":{"line":57,"column":16},"end":{"line":61,"column":17}},"34":{"start":{"line":58,"column":20},"end":{"line":58,"column":72}},"35":{"start":{"line":60,"column":20},"end":{"line":60,"column":65}},"36":{"start":{"line":64,"column":12},"end":{"line":64,"column":68}},"37":{"start":{"line":65,"column":12},"end":{"line":65,"column":66}},"38":{"start":{"line":71,"column":0},"end":{"line":103,"column":3}},"39":{"start":{"line":72,"column":32},"end":{"line":72,"column":40}},"40":{"start":{"line":73,"column":4},"end":{"line":73,"column":54}},"41":{"start":{"line":75,"column":18},"end":{"line":75,"column":72}},"42":{"start":{"line":76,"column":4},"end":{"line":102,"column":7}},"43":{"start":{"line":77,"column":8},"end":{"line":80,"column":9}},"44":{"start":{"line":78,"column":12},"end":{"line":78,"column":50}},"45":{"start":{"line":79,"column":12},"end":{"line":79,"column":57}},"46":{"start":{"line":82,"column":8},"end":{"line":85,"column":9}},"47":{"start":{"line":83,"column":12},"end":{"line":83,"column":56}},"48":{"start":{"line":84,"column":12},"end":{"line":84,"column":70}},"49":{"start":{"line":87,"column":31},"end":{"line":87,"column":50}},"50":{"start":{"line":88,"column":8},"end":{"line":101,"column":11}},"51":{"start":{"line":89,"column":12},"end":{"line":92,"column":13}},"52":{"start":{"line":90,"column":16},"end":{"line":90,"column":61}},"53":{"start":{"line":91,"column":16},"end":{"line":91,"column":61}},"54":{"start":{"line":94,"column":12},"end":{"line":100,"column":13}},"55":{"start":{"line":95,"column":16},"end":{"line":95,"column":60}},"56":{"start":{"line":96,"column":16},"end":{"line":96,"column":65}},"57":{"start":{"line":98,"column":16},"end":{"line":98,"column":60}},"58":{"start":{"line":99,"column":16},"end":{"line":99,"column":74}},"59":{"start":{"line":106,"column":0},"end":{"line":134,"column":3}},"60":{"start":{"line":107,"column":22},"end":{"line":107,"column":32}},"61":{"start":{"line":108,"column":4},"end":{"line":108,"column":54}},"62":{"start":{"line":110,"column":18},"end":{"line":110,"column":110}},"63":{"start":{"line":111,"column":4},"end":{"line":133,"column":7}},"64":{"start":{"line":112,"column":8},"end":{"line":132,"column":9}},"65":{"start":{"line":113,"column":12},"end":{"line":113,"column":58}},"66":{"start":{"line":114,"column":12},"end":{"line":114,"column":50}},"67":{"start":{"line":115,"column":15},"end":{"line":132,"column":9}},"68":{"start":{"line":116,"column":12},"end":{"line":116,"column":52}},"69":{"start":{"line":118,"column":28},"end":{"line":130,"column":13}},"70":{"start":{"line":131,"column":12},"end":{"line":131,"column":42}},"71":{"start":{"line":137,"column":0},"end":{"line":176,"column":3}},"72":{"start":{"line":138,"column":22},"end":{"line":138,"column":32}},"73":{"start":{"line":139,"column":20},"end":{"line":139,"column":28}},"74":{"start":{"line":140,"column":4},"end":{"line":140,"column":77}},"75":{"start":{"line":142,"column":23},"end":{"line":142,"column":115}},"76":{"start":{"line":143,"column":4},"end":{"line":175,"column":7}},"77":{"start":{"line":144,"column":8},"end":{"line":174,"column":9}},"78":{"start":{"line":145,"column":12},"end":{"line":145,"column":58}},"79":{"start":{"line":146,"column":12},"end":{"line":146,"column":50}},"80":{"start":{"line":147,"column":15},"end":{"line":174,"column":9}},"81":{"start":{"line":148,"column":32},"end":{"line":151,"column":13}},"82":{"start":{"line":152,"column":12},"end":{"line":159,"column":15}},"83":{"start":{"line":153,"column":16},"end":{"line":158,"column":17}},"84":{"start":{"line":154,"column":20},"end":{"line":154,"column":67}},"85":{"start":{"line":155,"column":20},"end":{"line":155,"column":58}},"86":{"start":{"line":157,"column":20},"end":{"line":157,"column":74}},"87":{"start":{"line":161,"column":32},"end":{"line":165,"column":13}},"88":{"start":{"line":166,"column":12},"end":{"line":173,"column":15}},"89":{"start":{"line":167,"column":16},"end":{"line":172,"column":17}},"90":{"start":{"line":168,"column":20},"end":{"line":168,"column":66}},"91":{"start":{"line":169,"column":20},"end":{"line":169,"column":58}},"92":{"start":{"line":171,"column":20},"end":{"line":171,"column":74}},"93":{"start":{"line":179,"column":0},"end":{"line":189,"column":3}},"94":{"start":{"line":180,"column":18},"end":{"line":180,"column":53}},"95":{"start":{"line":181,"column":4},"end":{"line":188,"column":7}},"96":{"start":{"line":182,"column":8},"end":{"line":187,"column":9}},"97":{"start":{"line":183,"column":12},"end":{"line":183,"column":62}},"98":{"start":{"line":184,"column":12},"end":{"line":184,"column":50}},"99":{"start":{"line":186,"column":12},"end":{"line":186,"column":42}},"100":{"start":{"line":192,"column":0},"end":{"line":202,"column":3}},"101":{"start":{"line":193,"column":18},"end":{"line":193,"column":53}},"102":{"start":{"line":194,"column":4},"end":{"line":201,"column":7}},"103":{"start":{"line":195,"column":8},"end":{"line":200,"column":9}},"104":{"start":{"line":196,"column":12},"end":{"line":196,"column":56}},"105":{"start":{"line":197,"column":12},"end":{"line":197,"column":50}},"106":{"start":{"line":199,"column":12},"end":{"line":199,"column":42}},"107":{"start":{"line":205,"column":0},"end":{"line":232,"column":3}},"108":{"start":{"line":206,"column":81},"end":{"line":206,"column":89}},"109":{"start":{"line":207,"column":47},"end":{"line":207,"column":74}},"110":{"start":{"line":209,"column":4},"end":{"line":209,"column":58}},"111":{"start":{"line":211,"column":18},"end":{"line":212,"column":48}},"112":{"start":{"line":214,"column":4},"end":{"line":231,"column":7}},"113":{"start":{"line":215,"column":8},"end":{"line":230,"column":9}},"114":{"start":{"line":216,"column":12},"end":{"line":216,"column":57}},"115":{"start":{"line":217,"column":12},"end":{"line":217,"column":50}},"116":{"start":{"line":220,"column":38},"end":{"line":220,"column":96}},"117":{"start":{"line":221,"column":28},"end":{"line":221,"column":69}},"118":{"start":{"line":222,"column":12},"end":{"line":229,"column":15}},"119":{"start":{"line":223,"column":16},"end":{"line":228,"column":17}},"120":{"start":{"line":224,"column":20},"end":{"line":224,"column":71}},"121":{"start":{"line":225,"column":20},"end":{"line":225,"column":58}},"122":{"start":{"line":227,"column":20},"end":{"line":227,"column":72}},"123":{"start":{"line":235,"column":0},"end":{"line":245,"column":3}},"124":{"start":{"line":236,"column":18},"end":{"line":236,"column":46}},"125":{"start":{"line":237,"column":4},"end":{"line":244,"column":7}},"126":{"start":{"line":238,"column":8},"end":{"line":243,"column":9}},"127":{"start":{"line":239,"column":12},"end":{"line":239,"column":57}},"128":{"start":{"line":240,"column":12},"end":{"line":240,"column":50}},"129":{"start":{"line":242,"column":12},"end":{"line":242,"column":42}},"130":{"start":{"line":248,"column":0},"end":{"line":259,"column":3}},"131":{"start":{"line":249,"column":19},"end":{"line":249,"column":29}},"132":{"start":{"line":250,"column":18},"end":{"line":250,"column":63}},"133":{"start":{"line":251,"column":4},"end":{"line":258,"column":7}},"134":{"start":{"line":252,"column":8},"end":{"line":257,"column":9}},"135":{"start":{"line":253,"column":12},"end":{"line":253,"column":56}},"136":{"start":{"line":254,"column":12},"end":{"line":254,"column":50}},"137":{"start":{"line":256,"column":12},"end":{"line":256,"column":64}},"138":{"start":{"line":262,"column":0},"end":{"line":341,"column":3}},"139":{"start":{"line":263,"column":31},"end":{"line":263,"column":39}},"140":{"start":{"line":264,"column":32},"end":{"line":264,"column":74}},"141":{"start":{"line":266,"column":25},"end":{"line":266,"column":73}},"142":{"start":{"line":267,"column":4},"end":{"line":340,"column":7}},"143":{"start":{"line":268,"column":8},"end":{"line":271,"column":9}},"144":{"start":{"line":269,"column":12},"end":{"line":269,"column":58}},"145":{"start":{"line":270,"column":12},"end":{"line":270,"column":57}},"146":{"start":{"line":273,"column":8},"end":{"line":275,"column":9}},"147":{"start":{"line":274,"column":12},"end":{"line":274,"column":59}},"148":{"start":{"line":277,"column":23},"end":{"line":277,"column":40}},"149":{"start":{"line":280,"column":32},"end":{"line":280,"column":99}},"150":{"start":{"line":281,"column":8},"end":{"line":339,"column":11}},"151":{"start":{"line":282,"column":12},"end":{"line":285,"column":13}},"152":{"start":{"line":283,"column":16},"end":{"line":283,"column":69}},"153":{"start":{"line":284,"column":16},"end":{"line":284,"column":61}},"154":{"start":{"line":287,"column":12},"end":{"line":289,"column":13}},"155":{"start":{"line":288,"column":16},"end":{"line":288,"column":86}},"156":{"start":{"line":292,"column":31},"end":{"line":292,"column":78}},"157":{"start":{"line":293,"column":12},"end":{"line":338,"column":15}},"158":{"start":{"line":294,"column":16},"end":{"line":297,"column":17}},"159":{"start":{"line":295,"column":20},"end":{"line":295,"column":72}},"160":{"start":{"line":296,"column":20},"end":{"line":296,"column":65}},"161":{"start":{"line":299,"column":16},"end":{"line":301,"column":17}},"162":{"start":{"line":300,"column":20},"end":{"line":300,"column":68}},"163":{"start":{"line":303,"column":30},"end":{"line":303,"column":45}},"164":{"start":{"line":306,"column":36},"end":{"line":310,"column":17}},"165":{"start":{"line":311,"column":16},"end":{"line":337,"column":19}},"166":{"start":{"line":312,"column":20},"end":{"line":315,"column":21}},"167":{"start":{"line":313,"column":24},"end":{"line":313,"column":81}},"168":{"start":{"line":314,"column":24},"end":{"line":314,"column":69}},"169":{"start":{"line":318,"column":48},"end":{"line":318,"column":107}},"170":{"start":{"line":319,"column":46},"end":{"line":319,"column":104}},"171":{"start":{"line":320,"column":20},"end":{"line":336,"column":23}},"172":{"start":{"line":321,"column":24},"end":{"line":324,"column":25}},"173":{"start":{"line":322,"column":28},"end":{"line":322,"column":79}},"174":{"start":{"line":323,"column":28},"end":{"line":323,"column":73}},"175":{"start":{"line":326,"column":47},"end":{"line":326,"column":75}},"176":{"start":{"line":327,"column":54},"end":{"line":327,"column":126}},"177":{"start":{"line":328,"column":24},"end":{"line":335,"column":27}},"178":{"start":{"line":329,"column":28},"end":{"line":332,"column":29}},"179":{"start":{"line":330,"column":32},"end":{"line":330,"column":88}},"180":{"start":{"line":331,"column":32},"end":{"line":331,"column":77}},"181":{"start":{"line":334,"column":28},"end":{"line":334,"column":104}},"182":{"start":{"line":344,"column":0},"end":{"line":372,"column":3}},"183":{"start":{"line":345,"column":22},"end":{"line":345,"column":32}},"184":{"start":{"line":346,"column":18},"end":{"line":363,"column":5}},"185":{"start":{"line":364,"column":4},"end":{"line":371,"column":7}},"186":{"start":{"line":365,"column":8},"end":{"line":370,"column":9}},"187":{"start":{"line":366,"column":12},"end":{"line":366,"column":68}},"188":{"start":{"line":367,"column":12},"end":{"line":367,"column":50}},"189":{"start":{"line":369,"column":12},"end":{"line":369,"column":42}},"190":{"start":{"line":375,"column":0},"end":{"line":403,"column":3}},"191":{"start":{"line":376,"column":22},"end":{"line":376,"column":32}},"192":{"start":{"line":377,"column":27},"end":{"line":377,"column":75}},"193":{"start":{"line":378,"column":40},"end":{"line":382,"column":5}},"194":{"start":{"line":384,"column":4},"end":{"line":402,"column":7}},"195":{"start":{"line":385,"column":8},"end":{"line":401,"column":9}},"196":{"start":{"line":386,"column":12},"end":{"line":386,"column":58}},"197":{"start":{"line":387,"column":12},"end":{"line":387,"column":50}},"198":{"start":{"line":388,"column":15},"end":{"line":401,"column":9}},"199":{"start":{"line":389,"column":12},"end":{"line":389,"column":60}},"200":{"start":{"line":390,"column":12},"end":{"line":390,"column":52}},"201":{"start":{"line":392,"column":27},"end":{"line":392,"column":44}},"202":{"start":{"line":393,"column":12},"end":{"line":400,"column":15}},"203":{"start":{"line":394,"column":16},"end":{"line":399,"column":17}},"204":{"start":{"line":395,"column":20},"end":{"line":395,"column":72}},"205":{"start":{"line":396,"column":20},"end":{"line":396,"column":58}},"206":{"start":{"line":398,"column":20},"end":{"line":398,"column":50}},"207":{"start":{"line":406,"column":0},"end":{"line":417,"column":3}},"208":{"start":{"line":407,"column":26},"end":{"line":407,"column":36}},"209":{"start":{"line":408,"column":18},"end":{"line":408,"column":149}},"210":{"start":{"line":409,"column":4},"end":{"line":416,"column":7}},"211":{"start":{"line":410,"column":8},"end":{"line":415,"column":9}},"212":{"start":{"line":411,"column":12},"end":{"line":411,"column":70}},"213":{"start":{"line":412,"column":12},"end":{"line":412,"column":50}},"214":{"start":{"line":414,"column":12},"end":{"line":414,"column":65}},"215":{"start":{"line":420,"column":0},"end":{"line":446,"column":3}},"216":{"start":{"line":421,"column":22},"end":{"line":421,"column":32}},"217":{"start":{"line":422,"column":25},"end":{"line":422,"column":73}},"218":{"start":{"line":424,"column":4},"end":{"line":445,"column":7}},"219":{"start":{"line":425,"column":8},"end":{"line":428,"column":9}},"220":{"start":{"line":426,"column":12},"end":{"line":426,"column":58}},"221":{"start":{"line":427,"column":12},"end":{"line":427,"column":57}},"222":{"start":{"line":430,"column":8},"end":{"line":432,"column":9}},"223":{"start":{"line":431,"column":12},"end":{"line":431,"column":59}},"224":{"start":{"line":434,"column":23},"end":{"line":434,"column":40}},"225":{"start":{"line":436,"column":35},"end":{"line":436,"column":92}},"226":{"start":{"line":437,"column":8},"end":{"line":444,"column":11}},"227":{"start":{"line":438,"column":12},"end":{"line":441,"column":13}},"228":{"start":{"line":439,"column":16},"end":{"line":439,"column":69}},"229":{"start":{"line":440,"column":16},"end":{"line":440,"column":61}},"230":{"start":{"line":443,"column":12},"end":{"line":443,"column":62}},"231":{"start":{"line":449,"column":0},"end":{"line":462,"column":3}},"232":{"start":{"line":450,"column":19},"end":{"line":450,"column":29}},"233":{"start":{"line":451,"column":4},"end":{"line":451,"column":68}},"234":{"start":{"line":452,"column":18},"end":{"line":452,"column":58}},"235":{"start":{"line":453,"column":4},"end":{"line":461,"column":7}},"236":{"start":{"line":454,"column":8},"end":{"line":460,"column":9}},"237":{"start":{"line":455,"column":12},"end":{"line":455,"column":63}},"238":{"start":{"line":456,"column":12},"end":{"line":456,"column":50}},"239":{"start":{"line":458,"column":12},"end":{"line":458,"column":77}},"240":{"start":{"line":459,"column":12},"end":{"line":459,"column":71}},"241":{"start":{"line":465,"column":0},"end":{"line":467,"column":3}},"242":{"start":{"line":466,"column":4},"end":{"line":466,"column":62}},"243":{"start":{"line":469,"column":0},"end":{"line":469,"column":21}}},"fnMap":{"0":{"name":"(anonymous_0)","decl":{"start":{"line":22,"column":11},"end":{"line":22,"column":12}},"loc":{"start":{"line":22,"column":18},"end":{"line":28,"column":1}},"line":22},"1":{"name":"(anonymous_1)","decl":{"start":{"line":30,"column":8},"end":{"line":30,"column":9}},"loc":{"start":{"line":30,"column":28},"end":{"line":33,"column":1}},"line":30},"2":{"name":"(anonymous_2)","decl":{"start":{"line":36,"column":22},"end":{"line":36,"column":23}},"loc":{"start":{"line":36,"column":36},"end":{"line":68,"column":1}},"line":36},"3":{"name":"(anonymous_3)","decl":{"start":{"line":47,"column":38},"end":{"line":47,"column":39}},"loc":{"start":{"line":47,"column":53},"end":{"line":67,"column":5}},"line":47},"4":{"name":"(anonymous_4)","decl":{"start":{"line":54,"column":39},"end":{"line":54,"column":40}},"loc":{"start":{"line":54,"column":56},"end":{"line":66,"column":9}},"line":54},"5":{"name":"(anonymous_5)","decl":{"start":{"line":71,"column":19},"end":{"line":71,"column":20}},"loc":{"start":{"line":71,"column":33},"end":{"line":103,"column":1}},"line":71},"6":{"name":"(anonymous_6)","decl":{"start":{"line":76,"column":29},"end":{"line":76,"column":30}},"loc":{"start":{"line":76,"column":47},"end":{"line":102,"column":5}},"line":76},"7":{"name":"(anonymous_7)","decl":{"start":{"line":88,"column":49},"end":{"line":88,"column":50}},"loc":{"start":{"line":88,"column":66},"end":{"line":101,"column":9}},"line":88},"8":{"name":"(anonymous_8)","decl":{"start":{"line":106,"column":27},"end":{"line":106,"column":28}},"loc":{"start":{"line":106,"column":41},"end":{"line":134,"column":1}},"line":106},"9":{"name":"(anonymous_9)","decl":{"start":{"line":111,"column":29},"end":{"line":111,"column":30}},"loc":{"start":{"line":111,"column":47},"end":{"line":133,"column":5}},"line":111},"10":{"name":"(anonymous_10)","decl":{"start":{"line":137,"column":27},"end":{"line":137,"column":28}},"loc":{"start":{"line":137,"column":41},"end":{"line":176,"column":1}},"line":137},"11":{"name":"(anonymous_11)","decl":{"start":{"line":143,"column":34},"end":{"line":143,"column":35}},"loc":{"start":{"line":143,"column":52},"end":{"line":175,"column":5}},"line":143},"12":{"name":"(anonymous_12)","decl":{"start":{"line":152,"column":234},"end":{"line":152,"column":235}},"loc":{"start":{"line":152,"column":252},"end":{"line":159,"column":13}},"line":152},"13":{"name":"(anonymous_13)","decl":{"start":{"line":166,"column":234},"end":{"line":166,"column":235}},"loc":{"start":{"line":166,"column":252},"end":{"line":173,"column":13}},"line":166},"14":{"name":"(anonymous_14)","decl":{"start":{"line":179,"column":19},"end":{"line":179,"column":20}},"loc":{"start":{"line":179,"column":33},"end":{"line":189,"column":1}},"line":179},"15":{"name":"(anonymous_15)","decl":{"start":{"line":181,"column":20},"end":{"line":181,"column":21}},"loc":{"start":{"line":181,"column":38},"end":{"line":188,"column":5}},"line":181},"16":{"name":"(anonymous_16)","decl":{"start":{"line":192,"column":18},"end":{"line":192,"column":19}},"loc":{"start":{"line":192,"column":32},"end":{"line":202,"column":1}},"line":192},"17":{"name":"(anonymous_17)","decl":{"start":{"line":194,"column":20},"end":{"line":194,"column":21}},"loc":{"start":{"line":194,"column":38},"end":{"line":201,"column":5}},"line":194},"18":{"name":"(anonymous_18)","decl":{"start":{"line":205,"column":20},"end":{"line":205,"column":21}},"loc":{"start":{"line":205,"column":34},"end":{"line":232,"column":1}},"line":205},"19":{"name":"(anonymous_19)","decl":{"start":{"line":214,"column":120},"end":{"line":214,"column":121}},"loc":{"start":{"line":214,"column":138},"end":{"line":231,"column":5}},"line":214},"20":{"name":"(anonymous_20)","decl":{"start":{"line":222,"column":55},"end":{"line":222,"column":56}},"loc":{"start":{"line":222,"column":73},"end":{"line":229,"column":13}},"line":222},"21":{"name":"(anonymous_21)","decl":{"start":{"line":235,"column":19},"end":{"line":235,"column":20}},"loc":{"start":{"line":235,"column":33},"end":{"line":245,"column":1}},"line":235},"22":{"name":"(anonymous_22)","decl":{"start":{"line":237,"column":20},"end":{"line":237,"column":21}},"loc":{"start":{"line":237,"column":38},"end":{"line":244,"column":5}},"line":237},"23":{"name":"(anonymous_23)","decl":{"start":{"line":248,"column":26},"end":{"line":248,"column":27}},"loc":{"start":{"line":248,"column":40},"end":{"line":259,"column":1}},"line":248},"24":{"name":"(anonymous_24)","decl":{"start":{"line":251,"column":26},"end":{"line":251,"column":27}},"loc":{"start":{"line":251,"column":44},"end":{"line":258,"column":5}},"line":251},"25":{"name":"(anonymous_25)","decl":{"start":{"line":262,"column":29},"end":{"line":262,"column":30}},"loc":{"start":{"line":262,"column":43},"end":{"line":341,"column":1}},"line":262},"26":{"name":"(anonymous_26)","decl":{"start":{"line":267,"column":36},"end":{"line":267,"column":37}},"loc":{"start":{"line":267,"column":58},"end":{"line":340,"column":5}},"line":267},"27":{"name":"(anonymous_27)","decl":{"start":{"line":281,"column":53},"end":{"line":281,"column":54}},"loc":{"start":{"line":281,"column":76},"end":{"line":339,"column":9}},"line":281},"28":{"name":"(anonymous_28)","decl":{"start":{"line":293,"column":44},"end":{"line":293,"column":45}},"loc":{"start":{"line":293,"column":67},"end":{"line":338,"column":13}},"line":293},"29":{"name":"(anonymous_29)","decl":{"start":{"line":311,"column":215},"end":{"line":311,"column":216}},"loc":{"start":{"line":311,"column":239},"end":{"line":337,"column":17}},"line":311},"30":{"name":"(anonymous_30)","decl":{"start":{"line":320,"column":78},"end":{"line":320,"column":79}},"loc":{"start":{"line":320,"column":108},"end":{"line":336,"column":21}},"line":320},"31":{"name":"(anonymous_31)","decl":{"start":{"line":328,"column":82},"end":{"line":328,"column":83}},"loc":{"start":{"line":328,"column":116},"end":{"line":335,"column":25}},"line":328},"32":{"name":"(anonymous_32)","decl":{"start":{"line":344,"column":27},"end":{"line":344,"column":28}},"loc":{"start":{"line":344,"column":41},"end":{"line":372,"column":1}},"line":344},"33":{"name":"(anonymous_33)","decl":{"start":{"line":364,"column":29},"end":{"line":364,"column":30}},"loc":{"start":{"line":364,"column":47},"end":{"line":371,"column":5}},"line":364},"34":{"name":"(anonymous_34)","decl":{"start":{"line":375,"column":33},"end":{"line":375,"column":34}},"loc":{"start":{"line":375,"column":47},"end":{"line":403,"column":1}},"line":375},"35":{"name":"(anonymous_35)","decl":{"start":{"line":384,"column":38},"end":{"line":384,"column":39}},"loc":{"start":{"line":384,"column":60},"end":{"line":402,"column":5}},"line":384},"36":{"name":"(anonymous_36)","decl":{"start":{"line":393,"column":60},"end":{"line":393,"column":61}},"loc":{"start":{"line":393,"column":78},"end":{"line":400,"column":13}},"line":393},"37":{"name":"(anonymous_37)","decl":{"start":{"line":406,"column":37},"end":{"line":406,"column":38}},"loc":{"start":{"line":406,"column":51},"end":{"line":417,"column":1}},"line":406},"38":{"name":"(anonymous_38)","decl":{"start":{"line":409,"column":33},"end":{"line":409,"column":34}},"loc":{"start":{"line":409,"column":51},"end":{"line":416,"column":5}},"line":409},"39":{"name":"(anonymous_39)","decl":{"start":{"line":420,"column":39},"end":{"line":420,"column":40}},"loc":{"start":{"line":420,"column":53},"end":{"line":446,"column":1}},"line":420},"40":{"name":"(anonymous_40)","decl":{"start":{"line":424,"column":36},"end":{"line":424,"column":37}},"loc":{"start":{"line":424,"column":58},"end":{"line":445,"column":5}},"line":424},"41":{"name":"(anonymous_41)","decl":{"start":{"line":437,"column":47},"end":{"line":437,"column":48}},"loc":{"start":{"line":437,"column":78},"end":{"line":444,"column":9}},"line":437},"42":{"name":"(anonymous_42)","decl":{"start":{"line":449,"column":33},"end":{"line":449,"column":34}},"loc":{"start":{"line":449,"column":47},"end":{"line":462,"column":1}},"line":449},"43":{"name":"(anonymous_43)","decl":{"start":{"line":453,"column":26},"end":{"line":453,"column":27}},"loc":{"start":{"line":453,"column":44},"end":{"line":461,"column":5}},"line":453},"44":{"name":"(anonymous_44)","decl":{"start":{"line":465,"column":17},"end":{"line":465,"column":18}},"loc":{"start":{"line":465,"column":23},"end":{"line":467,"column":1}},"line":465}},"branchMap":{"0":{"loc":{"start":{"line":23,"column":4},"end":{"line":26,"column":5}},"type":"if","locations":[{"start":{"line":23,"column":4},"end":{"line":26,"column":5}},{"start":{},"end":{}}],"line":23},"1":{"loc":{"start":{"line":40,"column":4},"end":{"line":43,"column":5}},"type":"if","locations":[{"start":{"line":40,"column":4},"end":{"line":43,"column":5}},{"start":{},"end":{}}],"line":40},"2":{"loc":{"start":{"line":40,"column":8},"end":{"line":40,"column":27}},"type":"binary-expr","locations":[{"start":{"line":40,"column":8},"end":{"line":40,"column":14}},{"start":{"line":40,"column":18},"end":{"line":40,"column":27}}],"line":40},"3":{"loc":{"start":{"line":48,"column":8},"end":{"line":51,"column":9}},"type":"if","locations":[{"start":{"line":48,"column":8},"end":{"line":51,"column":9}},{"start":{},"end":{}}],"line":48},"4":{"loc":{"start":{"line":55,"column":12},"end":{"line":62,"column":13}},"type":"if","locations":[{"start":{"line":55,"column":12},"end":{"line":62,"column":13}},{"start":{},"end":{}}],"line":55},"5":{"loc":{"start":{"line":57,"column":16},"end":{"line":61,"column":17}},"type":"if","locations":[{"start":{"line":57,"column":16},"end":{"line":61,"column":17}},{"start":{"line":59,"column":23},"end":{"line":61,"column":17}}],"line":57},"6":{"loc":{"start":{"line":77,"column":8},"end":{"line":80,"column":9}},"type":"if","locations":[{"start":{"line":77,"column":8},"end":{"line":80,"column":9}},{"start":{},"end":{}}],"line":77},"7":{"loc":{"start":{"line":82,"column":8},"end":{"line":85,"column":9}},"type":"if","locations":[{"start":{"line":82,"column":8},"end":{"line":85,"column":9}},{"start":{},"end":{}}],"line":82},"8":{"loc":{"start":{"line":89,"column":12},"end":{"line":92,"column":13}},"type":"if","locations":[{"start":{"line":89,"column":12},"end":{"line":92,"column":13}},{"start":{},"end":{}}],"line":89},"9":{"loc":{"start":{"line":94,"column":12},"end":{"line":100,"column":13}},"type":"if","locations":[{"start":{"line":94,"column":12},"end":{"line":100,"column":13}},{"start":{"line":97,"column":19},"end":{"line":100,"column":13}}],"line":94},"10":{"loc":{"start":{"line":112,"column":8},"end":{"line":132,"column":9}},"type":"if","locations":[{"start":{"line":112,"column":8},"end":{"line":132,"column":9}},{"start":{"line":115,"column":15},"end":{"line":132,"column":9}}],"line":112},"11":{"loc":{"start":{"line":115,"column":15},"end":{"line":132,"column":9}},"type":"if","locations":[{"start":{"line":115,"column":15},"end":{"line":132,"column":9}},{"start":{"line":117,"column":15},"end":{"line":132,"column":9}}],"line":115},"12":{"loc":{"start":{"line":144,"column":8},"end":{"line":174,"column":9}},"type":"if","locations":[{"start":{"line":144,"column":8},"end":{"line":174,"column":9}},{"start":{"line":147,"column":15},"end":{"line":174,"column":9}}],"line":144},"13":{"loc":{"start":{"line":147,"column":15},"end":{"line":174,"column":9}},"type":"if","locations":[{"start":{"line":147,"column":15},"end":{"line":174,"column":9}},{"start":{"line":160,"column":15},"end":{"line":174,"column":9}}],"line":147},"14":{"loc":{"start":{"line":153,"column":16},"end":{"line":158,"column":17}},"type":"if","locations":[{"start":{"line":153,"column":16},"end":{"line":158,"column":17}},{"start":{"line":156,"column":23},"end":{"line":158,"column":17}}],"line":153},"15":{"loc":{"start":{"line":167,"column":16},"end":{"line":172,"column":17}},"type":"if","locations":[{"start":{"line":167,"column":16},"end":{"line":172,"column":17}},{"start":{"line":170,"column":23},"end":{"line":172,"column":17}}],"line":167},"16":{"loc":{"start":{"line":182,"column":8},"end":{"line":187,"column":9}},"type":"if","locations":[{"start":{"line":182,"column":8},"end":{"line":187,"column":9}},{"start":{"line":185,"column":15},"end":{"line":187,"column":9}}],"line":182},"17":{"loc":{"start":{"line":195,"column":8},"end":{"line":200,"column":9}},"type":"if","locations":[{"start":{"line":195,"column":8},"end":{"line":200,"column":9}},{"start":{"line":198,"column":15},"end":{"line":200,"column":9}}],"line":195},"18":{"loc":{"start":{"line":215,"column":8},"end":{"line":230,"column":9}},"type":"if","locations":[{"start":{"line":215,"column":8},"end":{"line":230,"column":9}},{"start":{"line":218,"column":15},"end":{"line":230,"column":9}}],"line":215},"19":{"loc":{"start":{"line":223,"column":16},"end":{"line":228,"column":17}},"type":"if","locations":[{"start":{"line":223,"column":16},"end":{"line":228,"column":17}},{"start":{"line":226,"column":23},"end":{"line":228,"column":17}}],"line":223},"20":{"loc":{"start":{"line":238,"column":8},"end":{"line":243,"column":9}},"type":"if","locations":[{"start":{"line":238,"column":8},"end":{"line":243,"column":9}},{"start":{"line":241,"column":15},"end":{"line":243,"column":9}}],"line":238},"21":{"loc":{"start":{"line":252,"column":8},"end":{"line":257,"column":9}},"type":"if","locations":[{"start":{"line":252,"column":8},"end":{"line":257,"column":9}},{"start":{"line":255,"column":15},"end":{"line":257,"column":9}}],"line":252},"22":{"loc":{"start":{"line":264,"column":32},"end":{"line":264,"column":74}},"type":"binary-expr","locations":[{"start":{"line":264,"column":32},"end":{"line":264,"column":60}},{"start":{"line":264,"column":64},"end":{"line":264,"column":74}}],"line":264},"23":{"loc":{"start":{"line":268,"column":8},"end":{"line":271,"column":9}},"type":"if","locations":[{"start":{"line":268,"column":8},"end":{"line":271,"column":9}},{"start":{},"end":{}}],"line":268},"24":{"loc":{"start":{"line":273,"column":8},"end":{"line":275,"column":9}},"type":"if","locations":[{"start":{"line":273,"column":8},"end":{"line":275,"column":9}},{"start":{},"end":{}}],"line":273},"25":{"loc":{"start":{"line":282,"column":12},"end":{"line":285,"column":13}},"type":"if","locations":[{"start":{"line":282,"column":12},"end":{"line":285,"column":13}},{"start":{},"end":{}}],"line":282},"26":{"loc":{"start":{"line":287,"column":12},"end":{"line":289,"column":13}},"type":"if","locations":[{"start":{"line":287,"column":12},"end":{"line":289,"column":13}},{"start":{},"end":{}}],"line":287},"27":{"loc":{"start":{"line":294,"column":16},"end":{"line":297,"column":17}},"type":"if","locations":[{"start":{"line":294,"column":16},"end":{"line":297,"column":17}},{"start":{},"end":{}}],"line":294},"28":{"loc":{"start":{"line":299,"column":16},"end":{"line":301,"column":17}},"type":"if","locations":[{"start":{"line":299,"column":16},"end":{"line":301,"column":17}},{"start":{},"end":{}}],"line":299},"29":{"loc":{"start":{"line":312,"column":20},"end":{"line":315,"column":21}},"type":"if","locations":[{"start":{"line":312,"column":20},"end":{"line":315,"column":21}},{"start":{},"end":{}}],"line":312},"30":{"loc":{"start":{"line":321,"column":24},"end":{"line":324,"column":25}},"type":"if","locations":[{"start":{"line":321,"column":24},"end":{"line":324,"column":25}},{"start":{},"end":{}}],"line":321},"31":{"loc":{"start":{"line":329,"column":28},"end":{"line":332,"column":29}},"type":"if","locations":[{"start":{"line":329,"column":28},"end":{"line":332,"column":29}},{"start":{},"end":{}}],"line":329},"32":{"loc":{"start":{"line":365,"column":8},"end":{"line":370,"column":9}},"type":"if","locations":[{"start":{"line":365,"column":8},"end":{"line":370,"column":9}},{"start":{"line":368,"column":15},"end":{"line":370,"column":9}}],"line":365},"33":{"loc":{"start":{"line":385,"column":8},"end":{"line":401,"column":9}},"type":"if","locations":[{"start":{"line":385,"column":8},"end":{"line":401,"column":9}},{"start":{"line":388,"column":15},"end":{"line":401,"column":9}}],"line":385},"34":{"loc":{"start":{"line":388,"column":15},"end":{"line":401,"column":9}},"type":"if","locations":[{"start":{"line":388,"column":15},"end":{"line":401,"column":9}},{"start":{"line":391,"column":15},"end":{"line":401,"column":9}}],"line":388},"35":{"loc":{"start":{"line":394,"column":16},"end":{"line":399,"column":17}},"type":"if","locations":[{"start":{"line":394,"column":16},"end":{"line":399,"column":17}},{"start":{"line":397,"column":23},"end":{"line":399,"column":17}}],"line":394},"36":{"loc":{"start":{"line":410,"column":8},"end":{"line":415,"column":9}},"type":"if","locations":[{"start":{"line":410,"column":8},"end":{"line":415,"column":9}},{"start":{"line":413,"column":15},"end":{"line":415,"column":9}}],"line":410},"37":{"loc":{"start":{"line":425,"column":8},"end":{"line":428,"column":9}},"type":"if","locations":[{"start":{"line":425,"column":8},"end":{"line":428,"column":9}},{"start":{},"end":{}}],"line":425},"38":{"loc":{"start":{"line":430,"column":8},"end":{"line":432,"column":9}},"type":"if","locations":[{"start":{"line":430,"column":8},"end":{"line":432,"column":9}},{"start":{},"end":{}}],"line":430},"39":{"loc":{"start":{"line":438,"column":12},"end":{"line":441,"column":13}},"type":"if","locations":[{"start":{"line":438,"column":12},"end":{"line":441,"column":13}},{"start":{},"end":{}}],"line":438},"40":{"loc":{"start":{"line":454,"column":8},"end":{"line":460,"column":9}},"type":"if","locations":[{"start":{"line":454,"column":8},"end":{"line":460,"column":9}},{"start":{"line":457,"column":15},"end":{"line":460,"column":9}}],"line":454}},"s":{"0":1,"1":1,"2":1,"3":1,"4":1,"5":1,"6":1,"7":1,"8":1,"9":1,"10":1,"11":1,"12":0,"13":0,"14":1,"15":1,"16":32,"17":32,"18":1,"19":9,"20":9,"21":9,"22":0,"23":0,"24":9,"25":9,"26":9,"27":0,"28":0,"29":9,"30":9,"31":9,"32":9,"33":9,"34":9,"35":0,"36":0,"37":0,"38":1,"39":2,"40":2,"41":2,"42":2,"43":2,"44":0,"45":0,"46":2,"47":1,"48":1,"49":1,"50":1,"51":1,"52":0,"53":0,"54":1,"55":1,"56":1,"57":0,"58":0,"59":1,"60":1,"61":1,"62":1,"63":1,"64":1,"65":0,"66":0,"67":1,"68":1,"69":0,"70":0,"71":1,"72":4,"73":4,"74":4,"75":4,"76":4,"77":4,"78":0,"79":0,"80":4,"81":0,"82":0,"83":0,"84":0,"85":0,"86":0,"87":4,"88":4,"89":4,"90":0,"91":0,"92":4,"93":1,"94":0,"95":0,"96":0,"97":0,"98":0,"99":0,"100":1,"101":0,"102":0,"103":0,"104":0,"105":0,"106":0,"107":1,"108":5,"109":5,"110":5,"111":5,"112":5,"113":5,"114":0,"115":0,"116":5,"117":5,"118":5,"119":5,"120":0,"121":0,"122":5,"123":1,"124":1,"125":1,"126":1,"127":0,"128":0,"129":1,"130":1,"131":1,"132":1,"133":1,"134":1,"135":1,"136":1,"137":0,"138":1,"139":3,"140":3,"141":3,"142":3,"143":3,"144":0,"145":0,"146":3,"147":0,"148":3,"149":3,"150":3,"151":3,"152":0,"153":0,"154":3,"155":0,"156":3,"157":3,"158":3,"159":0,"160":0,"161":3,"162":3,"163":0,"164":0,"165":0,"166":0,"167":0,"168":0,"169":0,"170":0,"171":0,"172":0,"173":0,"174":0,"175":0,"176":0,"177":0,"178":0,"179":0,"180":0,"181":0,"182":1,"183":1,"184":1,"185":1,"186":1,"187":0,"188":0,"189":1,"190":1,"191":1,"192":1,"193":1,"194":1,"195":1,"196":0,"197":0,"198":1,"199":0,"200":0,"201":1,"202":1,"203":1,"204":0,"205":0,"206":1,"207":1,"208":0,"209":0,"210":0,"211":0,"212":0,"213":0,"214":0,"215":1,"216":0,"217":0,"218":0,"219":0,"220":0,"221":0,"222":0,"223":0,"224":0,"225":0,"226":0,"227":0,"228":0,"229":0,"230":0,"231":1,"232":1,"233":1,"234":1,"235":1,"236":1,"237":1,"238":1,"239":0,"240":0,"241":1,"242":1,"243":1},"f":{"0":1,"1":32,"2":9,"3":9,"4":9,"5":2,"6":2,"7":1,"8":1,"9":1,"10":4,"11":4,"12":0,"13":4,"14":0,"15":0,"16":0,"17":0,"18":5,"19":5,"20":5,"21":1,"22":1,"23":1,"24":1,"25":3,"26":3,"27":3,"28":3,"29":0,"30":0,"31":0,"32":1,"33":1,"34":1,"35":1,"36":1,"37":0,"38":0,"39":0,"40":0,"41":0,"42":1,"43":1,"44":1},"b":{"0":[0,1],"1":[0,9],"2":[9,9],"3":[0,9],"4":[9,0],"5":[9,0],"6":[0,2],"7":[1,1],"8":[0,1],"9":[1,0],"10":[0,1],"11":[1,0],"12":[0,4],"13":[0,4],"14":[0,0],"15":[0,4],"16":[0,0],"17":[0,0],"18":[0,5],"19":[0,5],"20":[0,1],"21":[1,0],"22":[3,3],"23":[0,3],"24":[0,3],"25":[0,3],"26":[0,3],"27":[0,3],"28":[3,0],"29":[0,0],"30":[0,0],"31":[0,0],"32":[0,1],"33":[0,1],"34":[0,1],"35":[0,1],"36":[0,0],"37":[0,0],"38":[0,0],"39":[0,0],"40":[1,0]},"_coverageSchema":"1a1c01bbd47fc00a2c39e90264f33305004495a9","hash":"e5b206aa3bd9fd89095f874220fc8069c0b53929"}
}
