{"C:\\Users\\Steven\\Downloads\\volunteer-website\\Barebones-Volunteer\\backend\\db.js": {"path":"C:\\Users\\Steven\\Downloads\\volunteer-website\\Barebones-Volunteer\\backend\\db.js","statementMap":{"0":{"start":{"line":1,"column":14},"end":{"line":1,"column":30}},"1":{"start":{"line":3,"column":19},"end":{"line":8,"column":2}},"2":{"start":{"line":10,"column":0},"end":{"line":13,"column":3}},"3":{"start":{"line":11,"column":4},"end":{"line":11,"column":23}},"4":{"start":{"line":11,"column":13},"end":{"line":11,"column":23}},"5":{"start":{"line":12,"column":4},"end":{"line":12,"column":52}},"6":{"start":{"line":15,"column":0},"end":{"line":15,"column":28}}},"fnMap":{"0":{"name":"(anonymous_0)","decl":{"start":{"line":10,"column":19},"end":{"line":10,"column":20}},"loc":{"start":{"line":10,"column":28},"end":{"line":13,"column":1}},"line":10}},"branchMap":{"0":{"loc":{"start":{"line":11,"column":4},"end":{"line":11,"column":23}},"type":"if","locations":[{"start":{"line":11,"column":4},"end":{"line":11,"column":23}},{"start":{},"end":{}}],"line":11}},"s":{"0":0,"1":0,"2":0,"3":0,"4":0,"5":0,"6":0},"f":{"0":0},"b":{"0":[0,0]}}
,"C:\\Users\\Steven\\Downloads\\volunteer-website\\Barebones-Volunteer\\backend\\server.js": {"path":"C:\\Users\\Steven\\Downloads\\volunteer-website\\Barebones-Volunteer\\backend\\server.js","statementMap":{"0":{"start":{"line":1,"column":16},"end":{"line":1,"column":34}},"1":{"start":{"line":2,"column":19},"end":{"line":2,"column":41}},"2":{"start":{"line":3,"column":13},"end":{"line":3,"column":28}},"3":{"start":{"line":4,"column":15},"end":{"line":4,"column":32}},"4":{"start":{"line":5,"column":14},"end":{"line":5,"column":30}},"5":{"start":{"line":7,"column":12},"end":{"line":7,"column":21}},"6":{"start":{"line":8,"column":13},"end":{"line":8,"column":17}},"7":{"start":{"line":10,"column":0},"end":{"line":10,"column":27}},"8":{"start":{"line":11,"column":0},"end":{"line":11,"column":16}},"9":{"start":{"line":14,"column":11},"end":{"line":19,"column":2}},"10":{"start":{"line":22,"column":0},"end":{"line":28,"column":3}},"11":{"start":{"line":23,"column":4},"end":{"line":26,"column":5}},"12":{"start":{"line":24,"column":8},"end":{"line":24,"column":64}},"13":{"start":{"line":25,"column":8},"end":{"line":25,"column":15}},"14":{"start":{"line":27,"column":4},"end":{"line":27,"column":52}},"15":{"start":{"line":30,"column":0},"end":{"line":33,"column":3}},"16":{"start":{"line":31,"column":4},"end":{"line":31,"column":43}},"17":{"start":{"line":32,"column":4},"end":{"line":32,"column":11}},"18":{"start":{"line":36,"column":0},"end":{"line":68,"column":3}},"19":{"start":{"line":37,"column":32},"end":{"line":37,"column":40}},"20":{"start":{"line":38,"column":4},"end":{"line":38,"column":71}},"21":{"start":{"line":40,"column":4},"end":{"line":43,"column":5}},"22":{"start":{"line":41,"column":8},"end":{"line":41,"column":63}},"23":{"start":{"line":42,"column":8},"end":{"line":42,"column":72}},"24":{"start":{"line":45,"column":23},"end":{"line":45,"column":25}},"25":{"start":{"line":47,"column":4},"end":{"line":67,"column":7}},"26":{"start":{"line":48,"column":8},"end":{"line":51,"column":9}},"27":{"start":{"line":49,"column":12},"end":{"line":49,"column":49}},"28":{"start":{"line":50,"column":12},"end":{"line":50,"column":57}},"29":{"start":{"line":53,"column":22},"end":{"line":53,"column":83}},"30":{"start":{"line":54,"column":8},"end":{"line":66,"column":11}},"31":{"start":{"line":55,"column":12},"end":{"line":62,"column":13}},"32":{"start":{"line":56,"column":16},"end":{"line":56,"column":54}},"33":{"start":{"line":57,"column":16},"end":{"line":61,"column":17}},"34":{"start":{"line":58,"column":20},"end":{"line":58,"column":72}},"35":{"start":{"line":60,"column":20},"end":{"line":60,"column":65}},"36":{"start":{"line":64,"column":12},"end":{"line":64,"column":68}},"37":{"start":{"line":65,"column":12},"end":{"line":65,"column":66}},"38":{"start":{"line":71,"column":0},"end":{"line":103,"column":3}},"39":{"start":{"line":72,"column":32},"end":{"line":72,"column":40}},"40":{"start":{"line":73,"column":4},"end":{"line":73,"column":54}},"41":{"start":{"line":75,"column":18},"end":{"line":75,"column":72}},"42":{"start":{"line":76,"column":4},"end":{"line":102,"column":7}},"43":{"start":{"line":77,"column":8},"end":{"line":80,"column":9}},"44":{"start":{"line":78,"column":12},"end":{"line":78,"column":50}},"45":{"start":{"line":79,"column":12},"end":{"line":79,"column":57}},"46":{"start":{"line":82,"column":8},"end":{"line":85,"column":9}},"47":{"start":{"line":83,"column":12},"end":{"line":83,"column":56}},"48":{"start":{"line":84,"column":12},"end":{"line":84,"column":70}},"49":{"start":{"line":87,"column":31},"end":{"line":87,"column":50}},"50":{"start":{"line":88,"column":8},"end":{"line":101,"column":11}},"51":{"start":{"line":89,"column":12},"end":{"line":92,"column":13}},"52":{"start":{"line":90,"column":16},"end":{"line":90,"column":61}},"53":{"start":{"line":91,"column":16},"end":{"line":91,"column":61}},"54":{"start":{"line":94,"column":12},"end":{"line":100,"column":13}},"55":{"start":{"line":95,"column":16},"end":{"line":95,"column":60}},"56":{"start":{"line":96,"column":16},"end":{"line":96,"column":65}},"57":{"start":{"line":98,"column":16},"end":{"line":98,"column":60}},"58":{"start":{"line":99,"column":16},"end":{"line":99,"column":74}},"59":{"start":{"line":106,"column":0},"end":{"line":134,"column":3}},"60":{"start":{"line":107,"column":22},"end":{"line":107,"column":32}},"61":{"start":{"line":108,"column":4},"end":{"line":108,"column":54}},"62":{"start":{"line":110,"column":18},"end":{"line":110,"column":110}},"63":{"start":{"line":111,"column":4},"end":{"line":133,"column":7}},"64":{"start":{"line":112,"column":8},"end":{"line":132,"column":9}},"65":{"start":{"line":113,"column":12},"end":{"line":113,"column":58}},"66":{"start":{"line":114,"column":12},"end":{"line":114,"column":50}},"67":{"start":{"line":115,"column":15},"end":{"line":132,"column":9}},"68":{"start":{"line":116,"column":12},"end":{"line":116,"column":52}},"69":{"start":{"line":118,"column":28},"end":{"line":130,"column":13}},"70":{"start":{"line":131,"column":12},"end":{"line":131,"column":42}},"71":{"start":{"line":137,"column":0},"end":{"line":176,"column":3}},"72":{"start":{"line":138,"column":22},"end":{"line":138,"column":32}},"73":{"start":{"line":139,"column":20},"end":{"line":139,"column":28}},"74":{"start":{"line":140,"column":4},"end":{"line":140,"column":77}},"75":{"start":{"line":142,"column":23},"end":{"line":142,"column":115}},"76":{"start":{"line":143,"column":4},"end":{"line":175,"column":7}},"77":{"start":{"line":144,"column":8},"end":{"line":174,"column":9}},"78":{"start":{"line":145,"column":12},"end":{"line":145,"column":58}},"79":{"start":{"line":146,"column":12},"end":{"line":146,"column":50}},"80":{"start":{"line":147,"column":15},"end":{"line":174,"column":9}},"81":{"start":{"line":148,"column":32},"end":{"line":151,"column":13}},"82":{"start":{"line":152,"column":12},"end":{"line":159,"column":15}},"83":{"start":{"line":153,"column":16},"end":{"line":158,"column":17}},"84":{"start":{"line":154,"column":20},"end":{"line":154,"column":67}},"85":{"start":{"line":155,"column":20},"end":{"line":155,"column":58}},"86":{"start":{"line":157,"column":20},"end":{"line":157,"column":74}},"87":{"start":{"line":161,"column":32},"end":{"line":165,"column":13}},"88":{"start":{"line":166,"column":12},"end":{"line":173,"column":15}},"89":{"start":{"line":167,"column":16},"end":{"line":172,"column":17}},"90":{"start":{"line":168,"column":20},"end":{"line":168,"column":66}},"91":{"start":{"line":169,"column":20},"end":{"line":169,"column":58}},"92":{"start":{"line":171,"column":20},"end":{"line":171,"column":74}},"93":{"start":{"line":179,"column":0},"end":{"line":189,"column":3}},"94":{"start":{"line":180,"column":18},"end":{"line":180,"column":53}},"95":{"start":{"line":181,"column":4},"end":{"line":188,"column":7}},"96":{"start":{"line":182,"column":8},"end":{"line":187,"column":9}},"97":{"start":{"line":183,"column":12},"end":{"line":183,"column":62}},"98":{"start":{"line":184,"column":12},"end":{"line":184,"column":50}},"99":{"start":{"line":186,"column":12},"end":{"line":186,"column":42}},"100":{"start":{"line":192,"column":0},"end":{"line":202,"column":3}},"101":{"start":{"line":193,"column":18},"end":{"line":193,"column":53}},"102":{"start":{"line":194,"column":4},"end":{"line":201,"column":7}},"103":{"start":{"line":195,"column":8},"end":{"line":200,"column":9}},"104":{"start":{"line":196,"column":12},"end":{"line":196,"column":56}},"105":{"start":{"line":197,"column":12},"end":{"line":197,"column":50}},"106":{"start":{"line":199,"column":12},"end":{"line":199,"column":42}},"107":{"start":{"line":205,"column":0},"end":{"line":243,"column":3}},"108":{"start":{"line":206,"column":81},"end":{"line":206,"column":89}},"109":{"start":{"line":207,"column":47},"end":{"line":207,"column":74}},"110":{"start":{"line":209,"column":4},"end":{"line":209,"column":58}},"111":{"start":{"line":211,"column":18},"end":{"line":212,"column":48}},"112":{"start":{"line":214,"column":4},"end":{"line":242,"column":7}},"113":{"start":{"line":215,"column":8},"end":{"line":241,"column":9}},"114":{"start":{"line":216,"column":12},"end":{"line":216,"column":57}},"115":{"start":{"line":217,"column":12},"end":{"line":217,"column":50}},"116":{"start":{"line":220,"column":38},"end":{"line":220,"column":96}},"117":{"start":{"line":221,"column":28},"end":{"line":221,"column":69}},"118":{"start":{"line":222,"column":12},"end":{"line":240,"column":15}},"119":{"start":{"line":223,"column":16},"end":{"line":239,"column":17}},"120":{"start":{"line":224,"column":20},"end":{"line":224,"column":71}},"121":{"start":{"line":225,"column":20},"end":{"line":225,"column":58}},"122":{"start":{"line":227,"column":43},"end":{"line":227,"column":71}},"123":{"start":{"line":229,"column":52},"end":{"line":230,"column":90}},"124":{"start":{"line":231,"column":20},"end":{"line":238,"column":23}},"125":{"start":{"line":232,"column":24},"end":{"line":237,"column":25}},"126":{"start":{"line":233,"column":28},"end":{"line":233,"column":109}},"127":{"start":{"line":234,"column":28},"end":{"line":234,"column":66}},"128":{"start":{"line":236,"column":28},"end":{"line":236,"column":104}},"129":{"start":{"line":246,"column":0},"end":{"line":256,"column":3}},"130":{"start":{"line":247,"column":18},"end":{"line":247,"column":46}},"131":{"start":{"line":248,"column":4},"end":{"line":255,"column":7}},"132":{"start":{"line":249,"column":8},"end":{"line":254,"column":9}},"133":{"start":{"line":250,"column":12},"end":{"line":250,"column":57}},"134":{"start":{"line":251,"column":12},"end":{"line":251,"column":50}},"135":{"start":{"line":253,"column":12},"end":{"line":253,"column":42}},"136":{"start":{"line":259,"column":0},"end":{"line":270,"column":3}},"137":{"start":{"line":260,"column":19},"end":{"line":260,"column":29}},"138":{"start":{"line":261,"column":18},"end":{"line":261,"column":63}},"139":{"start":{"line":262,"column":4},"end":{"line":269,"column":7}},"140":{"start":{"line":263,"column":8},"end":{"line":268,"column":9}},"141":{"start":{"line":264,"column":12},"end":{"line":264,"column":56}},"142":{"start":{"line":265,"column":12},"end":{"line":265,"column":50}},"143":{"start":{"line":267,"column":12},"end":{"line":267,"column":64}},"144":{"start":{"line":273,"column":0},"end":{"line":352,"column":3}},"145":{"start":{"line":274,"column":31},"end":{"line":274,"column":39}},"146":{"start":{"line":275,"column":32},"end":{"line":275,"column":74}},"147":{"start":{"line":277,"column":25},"end":{"line":277,"column":73}},"148":{"start":{"line":278,"column":4},"end":{"line":351,"column":7}},"149":{"start":{"line":279,"column":8},"end":{"line":282,"column":9}},"150":{"start":{"line":280,"column":12},"end":{"line":280,"column":58}},"151":{"start":{"line":281,"column":12},"end":{"line":281,"column":57}},"152":{"start":{"line":284,"column":8},"end":{"line":286,"column":9}},"153":{"start":{"line":285,"column":12},"end":{"line":285,"column":59}},"154":{"start":{"line":288,"column":23},"end":{"line":288,"column":40}},"155":{"start":{"line":291,"column":32},"end":{"line":291,"column":99}},"156":{"start":{"line":292,"column":8},"end":{"line":350,"column":11}},"157":{"start":{"line":293,"column":12},"end":{"line":296,"column":13}},"158":{"start":{"line":294,"column":16},"end":{"line":294,"column":69}},"159":{"start":{"line":295,"column":16},"end":{"line":295,"column":61}},"160":{"start":{"line":298,"column":12},"end":{"line":300,"column":13}},"161":{"start":{"line":299,"column":16},"end":{"line":299,"column":86}},"162":{"start":{"line":303,"column":31},"end":{"line":303,"column":78}},"163":{"start":{"line":304,"column":12},"end":{"line":349,"column":15}},"164":{"start":{"line":305,"column":16},"end":{"line":308,"column":17}},"165":{"start":{"line":306,"column":20},"end":{"line":306,"column":72}},"166":{"start":{"line":307,"column":20},"end":{"line":307,"column":65}},"167":{"start":{"line":310,"column":16},"end":{"line":312,"column":17}},"168":{"start":{"line":311,"column":20},"end":{"line":311,"column":68}},"169":{"start":{"line":314,"column":30},"end":{"line":314,"column":45}},"170":{"start":{"line":317,"column":36},"end":{"line":321,"column":17}},"171":{"start":{"line":322,"column":16},"end":{"line":348,"column":19}},"172":{"start":{"line":323,"column":20},"end":{"line":326,"column":21}},"173":{"start":{"line":324,"column":24},"end":{"line":324,"column":81}},"174":{"start":{"line":325,"column":24},"end":{"line":325,"column":69}},"175":{"start":{"line":329,"column":48},"end":{"line":329,"column":107}},"176":{"start":{"line":330,"column":46},"end":{"line":330,"column":104}},"177":{"start":{"line":331,"column":20},"end":{"line":347,"column":23}},"178":{"start":{"line":332,"column":24},"end":{"line":335,"column":25}},"179":{"start":{"line":333,"column":28},"end":{"line":333,"column":79}},"180":{"start":{"line":334,"column":28},"end":{"line":334,"column":73}},"181":{"start":{"line":337,"column":47},"end":{"line":337,"column":75}},"182":{"start":{"line":338,"column":54},"end":{"line":338,"column":126}},"183":{"start":{"line":339,"column":24},"end":{"line":346,"column":27}},"184":{"start":{"line":340,"column":28},"end":{"line":343,"column":29}},"185":{"start":{"line":341,"column":32},"end":{"line":341,"column":88}},"186":{"start":{"line":342,"column":32},"end":{"line":342,"column":77}},"187":{"start":{"line":345,"column":28},"end":{"line":345,"column":104}},"188":{"start":{"line":355,"column":0},"end":{"line":383,"column":3}},"189":{"start":{"line":356,"column":22},"end":{"line":356,"column":32}},"190":{"start":{"line":357,"column":18},"end":{"line":374,"column":5}},"191":{"start":{"line":375,"column":4},"end":{"line":382,"column":7}},"192":{"start":{"line":376,"column":8},"end":{"line":381,"column":9}},"193":{"start":{"line":377,"column":12},"end":{"line":377,"column":68}},"194":{"start":{"line":378,"column":12},"end":{"line":378,"column":50}},"195":{"start":{"line":380,"column":12},"end":{"line":380,"column":42}},"196":{"start":{"line":386,"column":0},"end":{"line":414,"column":3}},"197":{"start":{"line":387,"column":22},"end":{"line":387,"column":32}},"198":{"start":{"line":388,"column":27},"end":{"line":388,"column":75}},"199":{"start":{"line":389,"column":40},"end":{"line":393,"column":5}},"200":{"start":{"line":395,"column":4},"end":{"line":413,"column":7}},"201":{"start":{"line":396,"column":8},"end":{"line":412,"column":9}},"202":{"start":{"line":397,"column":12},"end":{"line":397,"column":58}},"203":{"start":{"line":398,"column":12},"end":{"line":398,"column":50}},"204":{"start":{"line":399,"column":15},"end":{"line":412,"column":9}},"205":{"start":{"line":400,"column":12},"end":{"line":400,"column":60}},"206":{"start":{"line":401,"column":12},"end":{"line":401,"column":52}},"207":{"start":{"line":403,"column":27},"end":{"line":403,"column":44}},"208":{"start":{"line":404,"column":12},"end":{"line":411,"column":15}},"209":{"start":{"line":405,"column":16},"end":{"line":410,"column":17}},"210":{"start":{"line":406,"column":20},"end":{"line":406,"column":72}},"211":{"start":{"line":407,"column":20},"end":{"line":407,"column":58}},"212":{"start":{"line":409,"column":20},"end":{"line":409,"column":50}},"213":{"start":{"line":417,"column":0},"end":{"line":428,"column":3}},"214":{"start":{"line":418,"column":26},"end":{"line":418,"column":36}},"215":{"start":{"line":419,"column":18},"end":{"line":419,"column":149}},"216":{"start":{"line":420,"column":4},"end":{"line":427,"column":7}},"217":{"start":{"line":421,"column":8},"end":{"line":426,"column":9}},"218":{"start":{"line":422,"column":12},"end":{"line":422,"column":70}},"219":{"start":{"line":423,"column":12},"end":{"line":423,"column":50}},"220":{"start":{"line":425,"column":12},"end":{"line":425,"column":65}},"221":{"start":{"line":431,"column":0},"end":{"line":457,"column":3}},"222":{"start":{"line":432,"column":22},"end":{"line":432,"column":32}},"223":{"start":{"line":433,"column":25},"end":{"line":433,"column":73}},"224":{"start":{"line":435,"column":4},"end":{"line":456,"column":7}},"225":{"start":{"line":436,"column":8},"end":{"line":439,"column":9}},"226":{"start":{"line":437,"column":12},"end":{"line":437,"column":58}},"227":{"start":{"line":438,"column":12},"end":{"line":438,"column":57}},"228":{"start":{"line":441,"column":8},"end":{"line":443,"column":9}},"229":{"start":{"line":442,"column":12},"end":{"line":442,"column":59}},"230":{"start":{"line":445,"column":23},"end":{"line":445,"column":40}},"231":{"start":{"line":447,"column":35},"end":{"line":447,"column":92}},"232":{"start":{"line":448,"column":8},"end":{"line":455,"column":11}},"233":{"start":{"line":449,"column":12},"end":{"line":452,"column":13}},"234":{"start":{"line":450,"column":16},"end":{"line":450,"column":69}},"235":{"start":{"line":451,"column":16},"end":{"line":451,"column":61}},"236":{"start":{"line":454,"column":12},"end":{"line":454,"column":62}},"237":{"start":{"line":460,"column":0},"end":{"line":473,"column":3}},"238":{"start":{"line":461,"column":19},"end":{"line":461,"column":29}},"239":{"start":{"line":462,"column":4},"end":{"line":462,"column":68}},"240":{"start":{"line":463,"column":18},"end":{"line":463,"column":58}},"241":{"start":{"line":464,"column":4},"end":{"line":472,"column":7}},"242":{"start":{"line":465,"column":8},"end":{"line":471,"column":9}},"243":{"start":{"line":466,"column":12},"end":{"line":466,"column":63}},"244":{"start":{"line":467,"column":12},"end":{"line":467,"column":50}},"245":{"start":{"line":469,"column":12},"end":{"line":469,"column":77}},"246":{"start":{"line":470,"column":12},"end":{"line":470,"column":71}},"247":{"start":{"line":476,"column":0},"end":{"line":514,"column":3}},"248":{"start":{"line":477,"column":22},"end":{"line":477,"column":32}},"249":{"start":{"line":478,"column":25},"end":{"line":478,"column":160}},"250":{"start":{"line":480,"column":4},"end":{"line":513,"column":7}},"251":{"start":{"line":481,"column":8},"end":{"line":484,"column":9}},"252":{"start":{"line":482,"column":12},"end":{"line":482,"column":63}},"253":{"start":{"line":483,"column":12},"end":{"line":483,"column":57}},"254":{"start":{"line":486,"column":8},"end":{"line":488,"column":9}},"255":{"start":{"line":487,"column":12},"end":{"line":487,"column":59}},"256":{"start":{"line":490,"column":27},"end":{"line":490,"column":59}},"257":{"start":{"line":491,"column":34},"end":{"line":491,"column":67}},"258":{"start":{"line":492,"column":32},"end":{"line":492,"column":63}},"259":{"start":{"line":495,"column":36},"end":{"line":504,"column":9}},"260":{"start":{"line":505,"column":8},"end":{"line":512,"column":11}},"261":{"start":{"line":506,"column":12},"end":{"line":509,"column":13}},"262":{"start":{"line":507,"column":16},"end":{"line":507,"column":70}},"263":{"start":{"line":508,"column":16},"end":{"line":508,"column":61}},"264":{"start":{"line":511,"column":12},"end":{"line":511,"column":54}},"265":{"start":{"line":518,"column":0},"end":{"line":520,"column":3}},"266":{"start":{"line":519,"column":4},"end":{"line":519,"column":62}},"267":{"start":{"line":522,"column":0},"end":{"line":522,"column":21}}},"fnMap":{"0":{"name":"(anonymous_0)","decl":{"start":{"line":22,"column":11},"end":{"line":22,"column":12}},"loc":{"start":{"line":22,"column":18},"end":{"line":28,"column":1}},"line":22},"1":{"name":"(anonymous_1)","decl":{"start":{"line":30,"column":8},"end":{"line":30,"column":9}},"loc":{"start":{"line":30,"column":28},"end":{"line":33,"column":1}},"line":30},"2":{"name":"(anonymous_2)","decl":{"start":{"line":36,"column":22},"end":{"line":36,"column":23}},"loc":{"start":{"line":36,"column":36},"end":{"line":68,"column":1}},"line":36},"3":{"name":"(anonymous_3)","decl":{"start":{"line":47,"column":38},"end":{"line":47,"column":39}},"loc":{"start":{"line":47,"column":53},"end":{"line":67,"column":5}},"line":47},"4":{"name":"(anonymous_4)","decl":{"start":{"line":54,"column":39},"end":{"line":54,"column":40}},"loc":{"start":{"line":54,"column":56},"end":{"line":66,"column":9}},"line":54},"5":{"name":"(anonymous_5)","decl":{"start":{"line":71,"column":19},"end":{"line":71,"column":20}},"loc":{"start":{"line":71,"column":33},"end":{"line":103,"column":1}},"line":71},"6":{"name":"(anonymous_6)","decl":{"start":{"line":76,"column":29},"end":{"line":76,"column":30}},"loc":{"start":{"line":76,"column":47},"end":{"line":102,"column":5}},"line":76},"7":{"name":"(anonymous_7)","decl":{"start":{"line":88,"column":49},"end":{"line":88,"column":50}},"loc":{"start":{"line":88,"column":66},"end":{"line":101,"column":9}},"line":88},"8":{"name":"(anonymous_8)","decl":{"start":{"line":106,"column":27},"end":{"line":106,"column":28}},"loc":{"start":{"line":106,"column":41},"end":{"line":134,"column":1}},"line":106},"9":{"name":"(anonymous_9)","decl":{"start":{"line":111,"column":29},"end":{"line":111,"column":30}},"loc":{"start":{"line":111,"column":47},"end":{"line":133,"column":5}},"line":111},"10":{"name":"(anonymous_10)","decl":{"start":{"line":137,"column":27},"end":{"line":137,"column":28}},"loc":{"start":{"line":137,"column":41},"end":{"line":176,"column":1}},"line":137},"11":{"name":"(anonymous_11)","decl":{"start":{"line":143,"column":34},"end":{"line":143,"column":35}},"loc":{"start":{"line":143,"column":52},"end":{"line":175,"column":5}},"line":143},"12":{"name":"(anonymous_12)","decl":{"start":{"line":152,"column":234},"end":{"line":152,"column":235}},"loc":{"start":{"line":152,"column":252},"end":{"line":159,"column":13}},"line":152},"13":{"name":"(anonymous_13)","decl":{"start":{"line":166,"column":234},"end":{"line":166,"column":235}},"loc":{"start":{"line":166,"column":252},"end":{"line":173,"column":13}},"line":166},"14":{"name":"(anonymous_14)","decl":{"start":{"line":179,"column":19},"end":{"line":179,"column":20}},"loc":{"start":{"line":179,"column":33},"end":{"line":189,"column":1}},"line":179},"15":{"name":"(anonymous_15)","decl":{"start":{"line":181,"column":20},"end":{"line":181,"column":21}},"loc":{"start":{"line":181,"column":38},"end":{"line":188,"column":5}},"line":181},"16":{"name":"(anonymous_16)","decl":{"start":{"line":192,"column":18},"end":{"line":192,"column":19}},"loc":{"start":{"line":192,"column":32},"end":{"line":202,"column":1}},"line":192},"17":{"name":"(anonymous_17)","decl":{"start":{"line":194,"column":20},"end":{"line":194,"column":21}},"loc":{"start":{"line":194,"column":38},"end":{"line":201,"column":5}},"line":194},"18":{"name":"(anonymous_18)","decl":{"start":{"line":205,"column":20},"end":{"line":205,"column":21}},"loc":{"start":{"line":205,"column":34},"end":{"line":243,"column":1}},"line":205},"19":{"name":"(anonymous_19)","decl":{"start":{"line":214,"column":120},"end":{"line":214,"column":121}},"loc":{"start":{"line":214,"column":143},"end":{"line":242,"column":5}},"line":214},"20":{"name":"(anonymous_20)","decl":{"start":{"line":222,"column":55},"end":{"line":222,"column":56}},"loc":{"start":{"line":222,"column":85},"end":{"line":240,"column":13}},"line":222},"21":{"name":"(anonymous_21)","decl":{"start":{"line":231,"column":72},"end":{"line":231,"column":73}},"loc":{"start":{"line":231,"column":106},"end":{"line":238,"column":21}},"line":231},"22":{"name":"(anonymous_22)","decl":{"start":{"line":246,"column":19},"end":{"line":246,"column":20}},"loc":{"start":{"line":246,"column":33},"end":{"line":256,"column":1}},"line":246},"23":{"name":"(anonymous_23)","decl":{"start":{"line":248,"column":20},"end":{"line":248,"column":21}},"loc":{"start":{"line":248,"column":38},"end":{"line":255,"column":5}},"line":248},"24":{"name":"(anonymous_24)","decl":{"start":{"line":259,"column":26},"end":{"line":259,"column":27}},"loc":{"start":{"line":259,"column":40},"end":{"line":270,"column":1}},"line":259},"25":{"name":"(anonymous_25)","decl":{"start":{"line":262,"column":26},"end":{"line":262,"column":27}},"loc":{"start":{"line":262,"column":44},"end":{"line":269,"column":5}},"line":262},"26":{"name":"(anonymous_26)","decl":{"start":{"line":273,"column":29},"end":{"line":273,"column":30}},"loc":{"start":{"line":273,"column":43},"end":{"line":352,"column":1}},"line":273},"27":{"name":"(anonymous_27)","decl":{"start":{"line":278,"column":36},"end":{"line":278,"column":37}},"loc":{"start":{"line":278,"column":58},"end":{"line":351,"column":5}},"line":278},"28":{"name":"(anonymous_28)","decl":{"start":{"line":292,"column":53},"end":{"line":292,"column":54}},"loc":{"start":{"line":292,"column":76},"end":{"line":350,"column":9}},"line":292},"29":{"name":"(anonymous_29)","decl":{"start":{"line":304,"column":44},"end":{"line":304,"column":45}},"loc":{"start":{"line":304,"column":67},"end":{"line":349,"column":13}},"line":304},"30":{"name":"(anonymous_30)","decl":{"start":{"line":322,"column":215},"end":{"line":322,"column":216}},"loc":{"start":{"line":322,"column":239},"end":{"line":348,"column":17}},"line":322},"31":{"name":"(anonymous_31)","decl":{"start":{"line":331,"column":78},"end":{"line":331,"column":79}},"loc":{"start":{"line":331,"column":108},"end":{"line":347,"column":21}},"line":331},"32":{"name":"(anonymous_32)","decl":{"start":{"line":339,"column":82},"end":{"line":339,"column":83}},"loc":{"start":{"line":339,"column":116},"end":{"line":346,"column":25}},"line":339},"33":{"name":"(anonymous_33)","decl":{"start":{"line":355,"column":27},"end":{"line":355,"column":28}},"loc":{"start":{"line":355,"column":41},"end":{"line":383,"column":1}},"line":355},"34":{"name":"(anonymous_34)","decl":{"start":{"line":375,"column":29},"end":{"line":375,"column":30}},"loc":{"start":{"line":375,"column":47},"end":{"line":382,"column":5}},"line":375},"35":{"name":"(anonymous_35)","decl":{"start":{"line":386,"column":33},"end":{"line":386,"column":34}},"loc":{"start":{"line":386,"column":47},"end":{"line":414,"column":1}},"line":386},"36":{"name":"(anonymous_36)","decl":{"start":{"line":395,"column":38},"end":{"line":395,"column":39}},"loc":{"start":{"line":395,"column":60},"end":{"line":413,"column":5}},"line":395},"37":{"name":"(anonymous_37)","decl":{"start":{"line":404,"column":60},"end":{"line":404,"column":61}},"loc":{"start":{"line":404,"column":78},"end":{"line":411,"column":13}},"line":404},"38":{"name":"(anonymous_38)","decl":{"start":{"line":417,"column":37},"end":{"line":417,"column":38}},"loc":{"start":{"line":417,"column":51},"end":{"line":428,"column":1}},"line":417},"39":{"name":"(anonymous_39)","decl":{"start":{"line":420,"column":33},"end":{"line":420,"column":34}},"loc":{"start":{"line":420,"column":51},"end":{"line":427,"column":5}},"line":420},"40":{"name":"(anonymous_40)","decl":{"start":{"line":431,"column":39},"end":{"line":431,"column":40}},"loc":{"start":{"line":431,"column":53},"end":{"line":457,"column":1}},"line":431},"41":{"name":"(anonymous_41)","decl":{"start":{"line":435,"column":36},"end":{"line":435,"column":37}},"loc":{"start":{"line":435,"column":58},"end":{"line":456,"column":5}},"line":435},"42":{"name":"(anonymous_42)","decl":{"start":{"line":448,"column":47},"end":{"line":448,"column":48}},"loc":{"start":{"line":448,"column":78},"end":{"line":455,"column":9}},"line":448},"43":{"name":"(anonymous_43)","decl":{"start":{"line":460,"column":33},"end":{"line":460,"column":34}},"loc":{"start":{"line":460,"column":47},"end":{"line":473,"column":1}},"line":460},"44":{"name":"(anonymous_44)","decl":{"start":{"line":464,"column":26},"end":{"line":464,"column":27}},"loc":{"start":{"line":464,"column":44},"end":{"line":472,"column":5}},"line":464},"45":{"name":"(anonymous_45)","decl":{"start":{"line":476,"column":35},"end":{"line":476,"column":36}},"loc":{"start":{"line":476,"column":49},"end":{"line":514,"column":1}},"line":476},"46":{"name":"(anonymous_46)","decl":{"start":{"line":480,"column":36},"end":{"line":480,"column":37}},"loc":{"start":{"line":480,"column":58},"end":{"line":513,"column":5}},"line":480},"47":{"name":"(anonymous_47)","decl":{"start":{"line":505,"column":160},"end":{"line":505,"column":161}},"loc":{"start":{"line":505,"column":183},"end":{"line":512,"column":9}},"line":505},"48":{"name":"(anonymous_48)","decl":{"start":{"line":518,"column":17},"end":{"line":518,"column":18}},"loc":{"start":{"line":518,"column":23},"end":{"line":520,"column":1}},"line":518}},"branchMap":{"0":{"loc":{"start":{"line":23,"column":4},"end":{"line":26,"column":5}},"type":"if","locations":[{"start":{"line":23,"column":4},"end":{"line":26,"column":5}},{"start":{},"end":{}}],"line":23},"1":{"loc":{"start":{"line":40,"column":4},"end":{"line":43,"column":5}},"type":"if","locations":[{"start":{"line":40,"column":4},"end":{"line":43,"column":5}},{"start":{},"end":{}}],"line":40},"2":{"loc":{"start":{"line":40,"column":8},"end":{"line":40,"column":27}},"type":"binary-expr","locations":[{"start":{"line":40,"column":8},"end":{"line":40,"column":14}},{"start":{"line":40,"column":18},"end":{"line":40,"column":27}}],"line":40},"3":{"loc":{"start":{"line":48,"column":8},"end":{"line":51,"column":9}},"type":"if","locations":[{"start":{"line":48,"column":8},"end":{"line":51,"column":9}},{"start":{},"end":{}}],"line":48},"4":{"loc":{"start":{"line":55,"column":12},"end":{"line":62,"column":13}},"type":"if","locations":[{"start":{"line":55,"column":12},"end":{"line":62,"column":13}},{"start":{},"end":{}}],"line":55},"5":{"loc":{"start":{"line":57,"column":16},"end":{"line":61,"column":17}},"type":"if","locations":[{"start":{"line":57,"column":16},"end":{"line":61,"column":17}},{"start":{"line":59,"column":23},"end":{"line":61,"column":17}}],"line":57},"6":{"loc":{"start":{"line":77,"column":8},"end":{"line":80,"column":9}},"type":"if","locations":[{"start":{"line":77,"column":8},"end":{"line":80,"column":9}},{"start":{},"end":{}}],"line":77},"7":{"loc":{"start":{"line":82,"column":8},"end":{"line":85,"column":9}},"type":"if","locations":[{"start":{"line":82,"column":8},"end":{"line":85,"column":9}},{"start":{},"end":{}}],"line":82},"8":{"loc":{"start":{"line":89,"column":12},"end":{"line":92,"column":13}},"type":"if","locations":[{"start":{"line":89,"column":12},"end":{"line":92,"column":13}},{"start":{},"end":{}}],"line":89},"9":{"loc":{"start":{"line":94,"column":12},"end":{"line":100,"column":13}},"type":"if","locations":[{"start":{"line":94,"column":12},"end":{"line":100,"column":13}},{"start":{"line":97,"column":19},"end":{"line":100,"column":13}}],"line":94},"10":{"loc":{"start":{"line":112,"column":8},"end":{"line":132,"column":9}},"type":"if","locations":[{"start":{"line":112,"column":8},"end":{"line":132,"column":9}},{"start":{"line":115,"column":15},"end":{"line":132,"column":9}}],"line":112},"11":{"loc":{"start":{"line":115,"column":15},"end":{"line":132,"column":9}},"type":"if","locations":[{"start":{"line":115,"column":15},"end":{"line":132,"column":9}},{"start":{"line":117,"column":15},"end":{"line":132,"column":9}}],"line":115},"12":{"loc":{"start":{"line":144,"column":8},"end":{"line":174,"column":9}},"type":"if","locations":[{"start":{"line":144,"column":8},"end":{"line":174,"column":9}},{"start":{"line":147,"column":15},"end":{"line":174,"column":9}}],"line":144},"13":{"loc":{"start":{"line":147,"column":15},"end":{"line":174,"column":9}},"type":"if","locations":[{"start":{"line":147,"column":15},"end":{"line":174,"column":9}},{"start":{"line":160,"column":15},"end":{"line":174,"column":9}}],"line":147},"14":{"loc":{"start":{"line":153,"column":16},"end":{"line":158,"column":17}},"type":"if","locations":[{"start":{"line":153,"column":16},"end":{"line":158,"column":17}},{"start":{"line":156,"column":23},"end":{"line":158,"column":17}}],"line":153},"15":{"loc":{"start":{"line":167,"column":16},"end":{"line":172,"column":17}},"type":"if","locations":[{"start":{"line":167,"column":16},"end":{"line":172,"column":17}},{"start":{"line":170,"column":23},"end":{"line":172,"column":17}}],"line":167},"16":{"loc":{"start":{"line":182,"column":8},"end":{"line":187,"column":9}},"type":"if","locations":[{"start":{"line":182,"column":8},"end":{"line":187,"column":9}},{"start":{"line":185,"column":15},"end":{"line":187,"column":9}}],"line":182},"17":{"loc":{"start":{"line":195,"column":8},"end":{"line":200,"column":9}},"type":"if","locations":[{"start":{"line":195,"column":8},"end":{"line":200,"column":9}},{"start":{"line":198,"column":15},"end":{"line":200,"column":9}}],"line":195},"18":{"loc":{"start":{"line":215,"column":8},"end":{"line":241,"column":9}},"type":"if","locations":[{"start":{"line":215,"column":8},"end":{"line":241,"column":9}},{"start":{"line":218,"column":15},"end":{"line":241,"column":9}}],"line":215},"19":{"loc":{"start":{"line":223,"column":16},"end":{"line":239,"column":17}},"type":"if","locations":[{"start":{"line":223,"column":16},"end":{"line":239,"column":17}},{"start":{"line":226,"column":23},"end":{"line":239,"column":17}}],"line":223},"20":{"loc":{"start":{"line":232,"column":24},"end":{"line":237,"column":25}},"type":"if","locations":[{"start":{"line":232,"column":24},"end":{"line":237,"column":25}},{"start":{"line":235,"column":31},"end":{"line":237,"column":25}}],"line":232},"21":{"loc":{"start":{"line":249,"column":8},"end":{"line":254,"column":9}},"type":"if","locations":[{"start":{"line":249,"column":8},"end":{"line":254,"column":9}},{"start":{"line":252,"column":15},"end":{"line":254,"column":9}}],"line":249},"22":{"loc":{"start":{"line":263,"column":8},"end":{"line":268,"column":9}},"type":"if","locations":[{"start":{"line":263,"column":8},"end":{"line":268,"column":9}},{"start":{"line":266,"column":15},"end":{"line":268,"column":9}}],"line":263},"23":{"loc":{"start":{"line":275,"column":32},"end":{"line":275,"column":74}},"type":"binary-expr","locations":[{"start":{"line":275,"column":32},"end":{"line":275,"column":60}},{"start":{"line":275,"column":64},"end":{"line":275,"column":74}}],"line":275},"24":{"loc":{"start":{"line":279,"column":8},"end":{"line":282,"column":9}},"type":"if","locations":[{"start":{"line":279,"column":8},"end":{"line":282,"column":9}},{"start":{},"end":{}}],"line":279},"25":{"loc":{"start":{"line":284,"column":8},"end":{"line":286,"column":9}},"type":"if","locations":[{"start":{"line":284,"column":8},"end":{"line":286,"column":9}},{"start":{},"end":{}}],"line":284},"26":{"loc":{"start":{"line":293,"column":12},"end":{"line":296,"column":13}},"type":"if","locations":[{"start":{"line":293,"column":12},"end":{"line":296,"column":13}},{"start":{},"end":{}}],"line":293},"27":{"loc":{"start":{"line":298,"column":12},"end":{"line":300,"column":13}},"type":"if","locations":[{"start":{"line":298,"column":12},"end":{"line":300,"column":13}},{"start":{},"end":{}}],"line":298},"28":{"loc":{"start":{"line":305,"column":16},"end":{"line":308,"column":17}},"type":"if","locations":[{"start":{"line":305,"column":16},"end":{"line":308,"column":17}},{"start":{},"end":{}}],"line":305},"29":{"loc":{"start":{"line":310,"column":16},"end":{"line":312,"column":17}},"type":"if","locations":[{"start":{"line":310,"column":16},"end":{"line":312,"column":17}},{"start":{},"end":{}}],"line":310},"30":{"loc":{"start":{"line":323,"column":20},"end":{"line":326,"column":21}},"type":"if","locations":[{"start":{"line":323,"column":20},"end":{"line":326,"column":21}},{"start":{},"end":{}}],"line":323},"31":{"loc":{"start":{"line":332,"column":24},"end":{"line":335,"column":25}},"type":"if","locations":[{"start":{"line":332,"column":24},"end":{"line":335,"column":25}},{"start":{},"end":{}}],"line":332},"32":{"loc":{"start":{"line":340,"column":28},"end":{"line":343,"column":29}},"type":"if","locations":[{"start":{"line":340,"column":28},"end":{"line":343,"column":29}},{"start":{},"end":{}}],"line":340},"33":{"loc":{"start":{"line":376,"column":8},"end":{"line":381,"column":9}},"type":"if","locations":[{"start":{"line":376,"column":8},"end":{"line":381,"column":9}},{"start":{"line":379,"column":15},"end":{"line":381,"column":9}}],"line":376},"34":{"loc":{"start":{"line":396,"column":8},"end":{"line":412,"column":9}},"type":"if","locations":[{"start":{"line":396,"column":8},"end":{"line":412,"column":9}},{"start":{"line":399,"column":15},"end":{"line":412,"column":9}}],"line":396},"35":{"loc":{"start":{"line":399,"column":15},"end":{"line":412,"column":9}},"type":"if","locations":[{"start":{"line":399,"column":15},"end":{"line":412,"column":9}},{"start":{"line":402,"column":15},"end":{"line":412,"column":9}}],"line":399},"36":{"loc":{"start":{"line":405,"column":16},"end":{"line":410,"column":17}},"type":"if","locations":[{"start":{"line":405,"column":16},"end":{"line":410,"column":17}},{"start":{"line":408,"column":23},"end":{"line":410,"column":17}}],"line":405},"37":{"loc":{"start":{"line":421,"column":8},"end":{"line":426,"column":9}},"type":"if","locations":[{"start":{"line":421,"column":8},"end":{"line":426,"column":9}},{"start":{"line":424,"column":15},"end":{"line":426,"column":9}}],"line":421},"38":{"loc":{"start":{"line":436,"column":8},"end":{"line":439,"column":9}},"type":"if","locations":[{"start":{"line":436,"column":8},"end":{"line":439,"column":9}},{"start":{},"end":{}}],"line":436},"39":{"loc":{"start":{"line":441,"column":8},"end":{"line":443,"column":9}},"type":"if","locations":[{"start":{"line":441,"column":8},"end":{"line":443,"column":9}},{"start":{},"end":{}}],"line":441},"40":{"loc":{"start":{"line":449,"column":12},"end":{"line":452,"column":13}},"type":"if","locations":[{"start":{"line":449,"column":12},"end":{"line":452,"column":13}},{"start":{},"end":{}}],"line":449},"41":{"loc":{"start":{"line":465,"column":8},"end":{"line":471,"column":9}},"type":"if","locations":[{"start":{"line":465,"column":8},"end":{"line":471,"column":9}},{"start":{"line":468,"column":15},"end":{"line":471,"column":9}}],"line":465},"42":{"loc":{"start":{"line":481,"column":8},"end":{"line":484,"column":9}},"type":"if","locations":[{"start":{"line":481,"column":8},"end":{"line":484,"column":9}},{"start":{},"end":{}}],"line":481},"43":{"loc":{"start":{"line":486,"column":8},"end":{"line":488,"column":9}},"type":"if","locations":[{"start":{"line":486,"column":8},"end":{"line":488,"column":9}},{"start":{},"end":{}}],"line":486},"44":{"loc":{"start":{"line":506,"column":12},"end":{"line":509,"column":13}},"type":"if","locations":[{"start":{"line":506,"column":12},"end":{"line":509,"column":13}},{"start":{},"end":{}}],"line":506}},"s":{"0":1,"1":1,"2":1,"3":1,"4":1,"5":1,"6":1,"7":1,"8":1,"9":1,"10":1,"11":1,"12":0,"13":0,"14":1,"15":1,"16":32,"17":32,"18":1,"19":9,"20":9,"21":9,"22":0,"23":0,"24":9,"25":9,"26":9,"27":0,"28":0,"29":9,"30":9,"31":9,"32":9,"33":9,"34":9,"35":0,"36":0,"37":0,"38":1,"39":2,"40":2,"41":2,"42":2,"43":2,"44":0,"45":0,"46":2,"47":1,"48":1,"49":1,"50":1,"51":1,"52":0,"53":0,"54":1,"55":1,"56":1,"57":0,"58":0,"59":1,"60":1,"61":1,"62":1,"63":1,"64":1,"65":0,"66":0,"67":1,"68":1,"69":0,"70":0,"71":1,"72":4,"73":4,"74":4,"75":4,"76":4,"77":4,"78":0,"79":0,"80":4,"81":0,"82":0,"83":0,"84":0,"85":0,"86":0,"87":4,"88":4,"89":4,"90":0,"91":0,"92":4,"93":1,"94":0,"95":0,"96":0,"97":0,"98":0,"99":0,"100":1,"101":0,"102":0,"103":0,"104":0,"105":0,"106":0,"107":1,"108":5,"109":5,"110":5,"111":5,"112":5,"113":5,"114":0,"115":0,"116":5,"117":5,"118":5,"119":5,"120":0,"121":0,"122":5,"123":5,"124":5,"125":5,"126":0,"127":0,"128":5,"129":1,"130":1,"131":1,"132":1,"133":0,"134":0,"135":1,"136":1,"137":1,"138":1,"139":1,"140":1,"141":1,"142":1,"143":0,"144":1,"145":3,"146":3,"147":3,"148":3,"149":3,"150":0,"151":0,"152":3,"153":0,"154":3,"155":3,"156":3,"157":3,"158":0,"159":0,"160":3,"161":0,"162":3,"163":3,"164":3,"165":0,"166":0,"167":3,"168":3,"169":0,"170":0,"171":0,"172":0,"173":0,"174":0,"175":0,"176":0,"177":0,"178":0,"179":0,"180":0,"181":0,"182":0,"183":0,"184":0,"185":0,"186":0,"187":0,"188":1,"189":1,"190":1,"191":1,"192":1,"193":0,"194":0,"195":1,"196":1,"197":1,"198":1,"199":1,"200":1,"201":1,"202":0,"203":0,"204":1,"205":0,"206":0,"207":1,"208":1,"209":1,"210":0,"211":0,"212":1,"213":1,"214":0,"215":0,"216":0,"217":0,"218":0,"219":0,"220":0,"221":1,"222":0,"223":0,"224":0,"225":0,"226":0,"227":0,"228":0,"229":0,"230":0,"231":0,"232":0,"233":0,"234":0,"235":0,"236":0,"237":1,"238":1,"239":1,"240":1,"241":1,"242":1,"243":1,"244":1,"245":0,"246":0,"247":1,"248":1,"249":1,"250":1,"251":1,"252":0,"253":0,"254":1,"255":0,"256":1,"257":0,"258":0,"259":0,"260":0,"261":0,"262":0,"263":0,"264":0,"265":1,"266":1,"267":1},"f":{"0":1,"1":32,"2":9,"3":9,"4":9,"5":2,"6":2,"7":1,"8":1,"9":1,"10":4,"11":4,"12":0,"13":4,"14":0,"15":0,"16":0,"17":0,"18":5,"19":5,"20":5,"21":5,"22":1,"23":1,"24":1,"25":1,"26":3,"27":3,"28":3,"29":3,"30":0,"31":0,"32":0,"33":1,"34":1,"35":1,"36":1,"37":1,"38":0,"39":0,"40":0,"41":0,"42":0,"43":1,"44":1,"45":1,"46":1,"47":0,"48":1},"b":{"0":[0,1],"1":[0,9],"2":[9,9],"3":[0,9],"4":[9,0],"5":[9,0],"6":[0,2],"7":[1,1],"8":[0,1],"9":[1,0],"10":[0,1],"11":[1,0],"12":[0,4],"13":[0,4],"14":[0,0],"15":[0,4],"16":[0,0],"17":[0,0],"18":[0,5],"19":[0,5],"20":[0,5],"21":[0,1],"22":[1,0],"23":[3,3],"24":[0,3],"25":[0,3],"26":[0,3],"27":[0,3],"28":[0,3],"29":[3,0],"30":[0,0],"31":[0,0],"32":[0,0],"33":[0,1],"34":[0,1],"35":[0,1],"36":[0,1],"37":[0,0],"38":[0,0],"39":[0,0],"40":[0,0],"41":[1,0],"42":[0,1],"43":[0,1],"44":[0,0]},"_coverageSchema":"1a1c01bbd47fc00a2c39e90264f33305004495a9","hash":"da5aaa2fbb887066c25ea6c18e2a16bc8fcac976"}
}
