TN:
SF:backend\db.js
FN:10,(anonymous_0)
FNF:1
FNH:0
FNDA:0,(anonymous_0)
DA:1,0
DA:3,0
DA:10,0
DA:11,0
DA:12,0
DA:15,0
LF:6
LH:0
BRDA:11,0,0,0
BRDA:11,0,1,0
BRF:2
BRH:0
end_of_record
TN:
SF:backend\server.js
FN:22,(anonymous_0)
FN:30,(anonymous_1)
FN:36,(anonymous_2)
FN:47,(anonymous_3)
FN:54,(anonymous_4)
FN:71,(anonymous_5)
FN:76,(anonymous_6)
FN:88,(anonymous_7)
FN:106,(anonymous_8)
FN:111,(anonymous_9)
FN:137,(anonymous_10)
FN:143,(anonymous_11)
FN:152,(anonymous_12)
FN:166,(anonymous_13)
FN:179,(anonymous_14)
FN:181,(anonymous_15)
FN:192,(anonymous_16)
FN:194,(anonymous_17)
FN:205,(anonymous_18)
FN:214,(anonymous_19)
FN:222,(anonymous_20)
FN:235,(anonymous_21)
FN:237,(anonymous_22)
FN:248,(anonymous_23)
FN:251,(anonymous_24)
FN:262,(anonymous_25)
FN:267,(anonymous_26)
FN:281,(anonymous_27)
FN:293,(anonymous_28)
FN:311,(anonymous_29)
FN:320,(anonymous_30)
FN:328,(anonymous_31)
FN:344,(anonymous_32)
FN:364,(anonymous_33)
FN:375,(anonymous_34)
FN:384,(anonymous_35)
FN:393,(anonymous_36)
FN:406,(anonymous_37)
FN:409,(anonymous_38)
FN:420,(anonymous_39)
FN:424,(anonymous_40)
FN:437,(anonymous_41)
FN:449,(anonymous_42)
FN:453,(anonymous_43)
FN:465,(anonymous_44)
FNF:45
FNH:32
FNDA:1,(anonymous_0)
FNDA:32,(anonymous_1)
FNDA:9,(anonymous_2)
FNDA:9,(anonymous_3)
FNDA:9,(anonymous_4)
FNDA:2,(anonymous_5)
FNDA:2,(anonymous_6)
FNDA:1,(anonymous_7)
FNDA:1,(anonymous_8)
FNDA:1,(anonymous_9)
FNDA:4,(anonymous_10)
FNDA:4,(anonymous_11)
FNDA:0,(anonymous_12)
FNDA:4,(anonymous_13)
FNDA:0,(anonymous_14)
FNDA:0,(anonymous_15)
FNDA:0,(anonymous_16)
FNDA:0,(anonymous_17)
FNDA:5,(anonymous_18)
FNDA:5,(anonymous_19)
FNDA:5,(anonymous_20)
FNDA:1,(anonymous_21)
FNDA:1,(anonymous_22)
FNDA:1,(anonymous_23)
FNDA:1,(anonymous_24)
FNDA:3,(anonymous_25)
FNDA:3,(anonymous_26)
FNDA:3,(anonymous_27)
FNDA:3,(anonymous_28)
FNDA:0,(anonymous_29)
FNDA:0,(anonymous_30)
FNDA:0,(anonymous_31)
FNDA:1,(anonymous_32)
FNDA:1,(anonymous_33)
FNDA:1,(anonymous_34)
FNDA:1,(anonymous_35)
FNDA:1,(anonymous_36)
FNDA:0,(anonymous_37)
FNDA:0,(anonymous_38)
FNDA:0,(anonymous_39)
FNDA:0,(anonymous_40)
FNDA:0,(anonymous_41)
FNDA:1,(anonymous_42)
FNDA:1,(anonymous_43)
FNDA:1,(anonymous_44)
DA:1,1
DA:2,1
DA:3,1
DA:4,1
DA:5,1
DA:7,1
DA:8,1
DA:10,1
DA:11,1
DA:14,1
DA:22,1
DA:23,1
DA:24,0
DA:25,0
DA:27,1
DA:30,1
DA:31,32
DA:32,32
DA:36,1
DA:37,9
DA:38,9
DA:40,9
DA:41,0
DA:42,0
DA:45,9
DA:47,9
DA:48,9
DA:49,0
DA:50,0
DA:53,9
DA:54,9
DA:55,9
DA:56,9
DA:57,9
DA:58,9
DA:60,0
DA:64,0
DA:65,0
DA:71,1
DA:72,2
DA:73,2
DA:75,2
DA:76,2
DA:77,2
DA:78,0
DA:79,0
DA:82,2
DA:83,1
DA:84,1
DA:87,1
DA:88,1
DA:89,1
DA:90,0
DA:91,0
DA:94,1
DA:95,1
DA:96,1
DA:98,0
DA:99,0
DA:106,1
DA:107,1
DA:108,1
DA:110,1
DA:111,1
DA:112,1
DA:113,0
DA:114,0
DA:115,1
DA:116,1
DA:118,0
DA:131,0
DA:137,1
DA:138,4
DA:139,4
DA:140,4
DA:142,4
DA:143,4
DA:144,4
DA:145,0
DA:146,0
DA:147,4
DA:148,0
DA:152,0
DA:153,0
DA:154,0
DA:155,0
DA:157,0
DA:161,4
DA:166,4
DA:167,4
DA:168,0
DA:169,0
DA:171,4
DA:179,1
DA:180,0
DA:181,0
DA:182,0
DA:183,0
DA:184,0
DA:186,0
DA:192,1
DA:193,0
DA:194,0
DA:195,0
DA:196,0
DA:197,0
DA:199,0
DA:205,1
DA:206,5
DA:207,5
DA:209,5
DA:211,5
DA:214,5
DA:215,5
DA:216,0
DA:217,0
DA:220,5
DA:221,5
DA:222,5
DA:223,5
DA:224,0
DA:225,0
DA:227,5
DA:235,1
DA:236,1
DA:237,1
DA:238,1
DA:239,0
DA:240,0
DA:242,1
DA:248,1
DA:249,1
DA:250,1
DA:251,1
DA:252,1
DA:253,1
DA:254,1
DA:256,0
DA:262,1
DA:263,3
DA:264,3
DA:266,3
DA:267,3
DA:268,3
DA:269,0
DA:270,0
DA:273,3
DA:274,0
DA:277,3
DA:280,3
DA:281,3
DA:282,3
DA:283,0
DA:284,0
DA:287,3
DA:288,0
DA:292,3
DA:293,3
DA:294,3
DA:295,0
DA:296,0
DA:299,3
DA:300,3
DA:303,0
DA:306,0
DA:311,0
DA:312,0
DA:313,0
DA:314,0
DA:318,0
DA:319,0
DA:320,0
DA:321,0
DA:322,0
DA:323,0
DA:326,0
DA:327,0
DA:328,0
DA:329,0
DA:330,0
DA:331,0
DA:334,0
DA:344,1
DA:345,1
DA:346,1
DA:364,1
DA:365,1
DA:366,0
DA:367,0
DA:369,1
DA:375,1
DA:376,1
DA:377,1
DA:378,1
DA:384,1
DA:385,1
DA:386,0
DA:387,0
DA:388,1
DA:389,0
DA:390,0
DA:392,1
DA:393,1
DA:394,1
DA:395,0
DA:396,0
DA:398,1
DA:406,1
DA:407,0
DA:408,0
DA:409,0
DA:410,0
DA:411,0
DA:412,0
DA:414,0
DA:420,1
DA:421,0
DA:422,0
DA:424,0
DA:425,0
DA:426,0
DA:427,0
DA:430,0
DA:431,0
DA:434,0
DA:436,0
DA:437,0
DA:438,0
DA:439,0
DA:440,0
DA:443,0
DA:449,1
DA:450,1
DA:451,1
DA:452,1
DA:453,1
DA:454,1
DA:455,1
DA:456,1
DA:458,0
DA:459,0
DA:465,1
DA:466,1
DA:469,1
LF:244
LH:137
BRDA:23,0,0,0
BRDA:23,0,1,1
BRDA:40,1,0,0
BRDA:40,1,1,9
BRDA:40,2,0,9
BRDA:40,2,1,9
BRDA:48,3,0,0
BRDA:48,3,1,9
BRDA:55,4,0,9
BRDA:55,4,1,0
BRDA:57,5,0,9
BRDA:57,5,1,0
BRDA:77,6,0,0
BRDA:77,6,1,2
BRDA:82,7,0,1
BRDA:82,7,1,1
BRDA:89,8,0,0
BRDA:89,8,1,1
BRDA:94,9,0,1
BRDA:94,9,1,0
BRDA:112,10,0,0
BRDA:112,10,1,1
BRDA:115,11,0,1
BRDA:115,11,1,0
BRDA:144,12,0,0
BRDA:144,12,1,4
BRDA:147,13,0,0
BRDA:147,13,1,4
BRDA:153,14,0,0
BRDA:153,14,1,0
BRDA:167,15,0,0
BRDA:167,15,1,4
BRDA:182,16,0,0
BRDA:182,16,1,0
BRDA:195,17,0,0
BRDA:195,17,1,0
BRDA:215,18,0,0
BRDA:215,18,1,5
BRDA:223,19,0,0
BRDA:223,19,1,5
BRDA:238,20,0,0
BRDA:238,20,1,1
BRDA:252,21,0,1
BRDA:252,21,1,0
BRDA:264,22,0,3
BRDA:264,22,1,3
BRDA:268,23,0,0
BRDA:268,23,1,3
BRDA:273,24,0,0
BRDA:273,24,1,3
BRDA:282,25,0,0
BRDA:282,25,1,3
BRDA:287,26,0,0
BRDA:287,26,1,3
BRDA:294,27,0,0
BRDA:294,27,1,3
BRDA:299,28,0,3
BRDA:299,28,1,0
BRDA:312,29,0,0
BRDA:312,29,1,0
BRDA:321,30,0,0
BRDA:321,30,1,0
BRDA:329,31,0,0
BRDA:329,31,1,0
BRDA:365,32,0,0
BRDA:365,32,1,1
BRDA:385,33,0,0
BRDA:385,33,1,1
BRDA:388,34,0,0
BRDA:388,34,1,1
BRDA:394,35,0,0
BRDA:394,35,1,1
BRDA:410,36,0,0
BRDA:410,36,1,0
BRDA:425,37,0,0
BRDA:425,37,1,0
BRDA:430,38,0,0
BRDA:430,38,1,0
BRDA:438,39,0,0
BRDA:438,39,1,0
BRDA:454,40,0,1
BRDA:454,40,1,0
BRF:82
BRH:34
end_of_record
