TN:
SF:backend\db.js
FN:10,(anonymous_0)
FNF:1
FNH:0
FNDA:0,(anonymous_0)
DA:1,0
DA:3,0
DA:10,0
DA:11,0
DA:12,0
DA:15,0
LF:6
LH:0
BRDA:11,0,0,0
BRDA:11,0,1,0
BRF:2
BRH:0
end_of_record
TN:
SF:backend\server.js
FN:22,(anonymous_0)
FN:30,(anonymous_1)
FN:36,(anonymous_2)
FN:47,(anonymous_3)
FN:54,(anonymous_4)
FN:71,(anonymous_5)
FN:76,(anonymous_6)
FN:88,(anonymous_7)
FN:106,(anonymous_8)
FN:111,(anonymous_9)
FN:137,(anonymous_10)
FN:143,(anonymous_11)
FN:152,(anonymous_12)
FN:166,(anonymous_13)
FN:179,(anonymous_14)
FN:181,(anonymous_15)
FN:192,(anonymous_16)
FN:194,(anonymous_17)
FN:205,(anonymous_18)
FN:214,(anonymous_19)
FN:222,(anonymous_20)
FN:231,(anonymous_21)
FN:246,(anonymous_22)
FN:248,(anonymous_23)
FN:259,(anonymous_24)
FN:262,(anonymous_25)
FN:273,(anonymous_26)
FN:278,(anonymous_27)
FN:292,(anonymous_28)
FN:304,(anonymous_29)
FN:322,(anonymous_30)
FN:331,(anonymous_31)
FN:339,(anonymous_32)
FN:355,(anonymous_33)
FN:375,(anonymous_34)
FN:386,(anonymous_35)
FN:395,(anonymous_36)
FN:404,(anonymous_37)
FN:417,(anonymous_38)
FN:420,(anonymous_39)
FN:431,(anonymous_40)
FN:435,(anonymous_41)
FN:448,(anonymous_42)
FN:460,(anonymous_43)
FN:464,(anonymous_44)
FN:476,(anonymous_45)
FN:480,(anonymous_46)
FN:505,(anonymous_47)
FN:518,(anonymous_48)
FNF:49
FNH:35
FNDA:1,(anonymous_0)
FNDA:32,(anonymous_1)
FNDA:9,(anonymous_2)
FNDA:9,(anonymous_3)
FNDA:9,(anonymous_4)
FNDA:2,(anonymous_5)
FNDA:2,(anonymous_6)
FNDA:1,(anonymous_7)
FNDA:1,(anonymous_8)
FNDA:1,(anonymous_9)
FNDA:4,(anonymous_10)
FNDA:4,(anonymous_11)
FNDA:0,(anonymous_12)
FNDA:4,(anonymous_13)
FNDA:0,(anonymous_14)
FNDA:0,(anonymous_15)
FNDA:0,(anonymous_16)
FNDA:0,(anonymous_17)
FNDA:5,(anonymous_18)
FNDA:5,(anonymous_19)
FNDA:5,(anonymous_20)
FNDA:5,(anonymous_21)
FNDA:1,(anonymous_22)
FNDA:1,(anonymous_23)
FNDA:1,(anonymous_24)
FNDA:1,(anonymous_25)
FNDA:3,(anonymous_26)
FNDA:3,(anonymous_27)
FNDA:3,(anonymous_28)
FNDA:3,(anonymous_29)
FNDA:0,(anonymous_30)
FNDA:0,(anonymous_31)
FNDA:0,(anonymous_32)
FNDA:1,(anonymous_33)
FNDA:1,(anonymous_34)
FNDA:1,(anonymous_35)
FNDA:1,(anonymous_36)
FNDA:1,(anonymous_37)
FNDA:0,(anonymous_38)
FNDA:0,(anonymous_39)
FNDA:0,(anonymous_40)
FNDA:0,(anonymous_41)
FNDA:0,(anonymous_42)
FNDA:1,(anonymous_43)
FNDA:1,(anonymous_44)
FNDA:1,(anonymous_45)
FNDA:1,(anonymous_46)
FNDA:0,(anonymous_47)
FNDA:1,(anonymous_48)
DA:1,1
DA:2,1
DA:3,1
DA:4,1
DA:5,1
DA:7,1
DA:8,1
DA:10,1
DA:11,1
DA:14,1
DA:22,1
DA:23,1
DA:24,0
DA:25,0
DA:27,1
DA:30,1
DA:31,32
DA:32,32
DA:36,1
DA:37,9
DA:38,9
DA:40,9
DA:41,0
DA:42,0
DA:45,9
DA:47,9
DA:48,9
DA:49,0
DA:50,0
DA:53,9
DA:54,9
DA:55,9
DA:56,9
DA:57,9
DA:58,9
DA:60,0
DA:64,0
DA:65,0
DA:71,1
DA:72,2
DA:73,2
DA:75,2
DA:76,2
DA:77,2
DA:78,0
DA:79,0
DA:82,2
DA:83,1
DA:84,1
DA:87,1
DA:88,1
DA:89,1
DA:90,0
DA:91,0
DA:94,1
DA:95,1
DA:96,1
DA:98,0
DA:99,0
DA:106,1
DA:107,1
DA:108,1
DA:110,1
DA:111,1
DA:112,1
DA:113,0
DA:114,0
DA:115,1
DA:116,1
DA:118,0
DA:131,0
DA:137,1
DA:138,4
DA:139,4
DA:140,4
DA:142,4
DA:143,4
DA:144,4
DA:145,0
DA:146,0
DA:147,4
DA:148,0
DA:152,0
DA:153,0
DA:154,0
DA:155,0
DA:157,0
DA:161,4
DA:166,4
DA:167,4
DA:168,0
DA:169,0
DA:171,4
DA:179,1
DA:180,0
DA:181,0
DA:182,0
DA:183,0
DA:184,0
DA:186,0
DA:192,1
DA:193,0
DA:194,0
DA:195,0
DA:196,0
DA:197,0
DA:199,0
DA:205,1
DA:206,5
DA:207,5
DA:209,5
DA:211,5
DA:214,5
DA:215,5
DA:216,0
DA:217,0
DA:220,5
DA:221,5
DA:222,5
DA:223,5
DA:224,0
DA:225,0
DA:227,5
DA:229,5
DA:231,5
DA:232,5
DA:233,0
DA:234,0
DA:236,5
DA:246,1
DA:247,1
DA:248,1
DA:249,1
DA:250,0
DA:251,0
DA:253,1
DA:259,1
DA:260,1
DA:261,1
DA:262,1
DA:263,1
DA:264,1
DA:265,1
DA:267,0
DA:273,1
DA:274,3
DA:275,3
DA:277,3
DA:278,3
DA:279,3
DA:280,0
DA:281,0
DA:284,3
DA:285,0
DA:288,3
DA:291,3
DA:292,3
DA:293,3
DA:294,0
DA:295,0
DA:298,3
DA:299,0
DA:303,3
DA:304,3
DA:305,3
DA:306,0
DA:307,0
DA:310,3
DA:311,3
DA:314,0
DA:317,0
DA:322,0
DA:323,0
DA:324,0
DA:325,0
DA:329,0
DA:330,0
DA:331,0
DA:332,0
DA:333,0
DA:334,0
DA:337,0
DA:338,0
DA:339,0
DA:340,0
DA:341,0
DA:342,0
DA:345,0
DA:355,1
DA:356,1
DA:357,1
DA:375,1
DA:376,1
DA:377,0
DA:378,0
DA:380,1
DA:386,1
DA:387,1
DA:388,1
DA:389,1
DA:395,1
DA:396,1
DA:397,0
DA:398,0
DA:399,1
DA:400,0
DA:401,0
DA:403,1
DA:404,1
DA:405,1
DA:406,0
DA:407,0
DA:409,1
DA:417,1
DA:418,0
DA:419,0
DA:420,0
DA:421,0
DA:422,0
DA:423,0
DA:425,0
DA:431,1
DA:432,0
DA:433,0
DA:435,0
DA:436,0
DA:437,0
DA:438,0
DA:441,0
DA:442,0
DA:445,0
DA:447,0
DA:448,0
DA:449,0
DA:450,0
DA:451,0
DA:454,0
DA:460,1
DA:461,1
DA:462,1
DA:463,1
DA:464,1
DA:465,1
DA:466,1
DA:467,1
DA:469,0
DA:470,0
DA:476,1
DA:477,1
DA:478,1
DA:480,1
DA:481,1
DA:482,0
DA:483,0
DA:486,1
DA:487,0
DA:490,1
DA:491,0
DA:492,0
DA:495,0
DA:505,0
DA:506,0
DA:507,0
DA:508,0
DA:511,0
DA:518,1
DA:519,1
DA:522,1
LF:268
LH:148
BRDA:23,0,0,0
BRDA:23,0,1,1
BRDA:40,1,0,0
BRDA:40,1,1,9
BRDA:40,2,0,9
BRDA:40,2,1,9
BRDA:48,3,0,0
BRDA:48,3,1,9
BRDA:55,4,0,9
BRDA:55,4,1,0
BRDA:57,5,0,9
BRDA:57,5,1,0
BRDA:77,6,0,0
BRDA:77,6,1,2
BRDA:82,7,0,1
BRDA:82,7,1,1
BRDA:89,8,0,0
BRDA:89,8,1,1
BRDA:94,9,0,1
BRDA:94,9,1,0
BRDA:112,10,0,0
BRDA:112,10,1,1
BRDA:115,11,0,1
BRDA:115,11,1,0
BRDA:144,12,0,0
BRDA:144,12,1,4
BRDA:147,13,0,0
BRDA:147,13,1,4
BRDA:153,14,0,0
BRDA:153,14,1,0
BRDA:167,15,0,0
BRDA:167,15,1,4
BRDA:182,16,0,0
BRDA:182,16,1,0
BRDA:195,17,0,0
BRDA:195,17,1,0
BRDA:215,18,0,0
BRDA:215,18,1,5
BRDA:223,19,0,0
BRDA:223,19,1,5
BRDA:232,20,0,0
BRDA:232,20,1,5
BRDA:249,21,0,0
BRDA:249,21,1,1
BRDA:263,22,0,1
BRDA:263,22,1,0
BRDA:275,23,0,3
BRDA:275,23,1,3
BRDA:279,24,0,0
BRDA:279,24,1,3
BRDA:284,25,0,0
BRDA:284,25,1,3
BRDA:293,26,0,0
BRDA:293,26,1,3
BRDA:298,27,0,0
BRDA:298,27,1,3
BRDA:305,28,0,0
BRDA:305,28,1,3
BRDA:310,29,0,3
BRDA:310,29,1,0
BRDA:323,30,0,0
BRDA:323,30,1,0
BRDA:332,31,0,0
BRDA:332,31,1,0
BRDA:340,32,0,0
BRDA:340,32,1,0
BRDA:376,33,0,0
BRDA:376,33,1,1
BRDA:396,34,0,0
BRDA:396,34,1,1
BRDA:399,35,0,0
BRDA:399,35,1,1
BRDA:405,36,0,0
BRDA:405,36,1,1
BRDA:421,37,0,0
BRDA:421,37,1,0
BRDA:436,38,0,0
BRDA:436,38,1,0
BRDA:441,39,0,0
BRDA:441,39,1,0
BRDA:449,40,0,0
BRDA:449,40,1,0
BRDA:465,41,0,1
BRDA:465,41,1,0
BRDA:481,42,0,0
BRDA:481,42,1,1
BRDA:486,43,0,0
BRDA:486,43,1,1
BRDA:506,44,0,0
BRDA:506,44,1,0
BRF:90
BRH:37
end_of_record
